2019-12-27T08:02:10.206Z - info: Initialization success.
2019-12-27T08:02:28.404Z - info: Website generation started at 4:02:28 PM
2019-12-27T08:02:28.437Z - info: Building assets...
2019-12-27T08:02:28.452Z - info: Assets built
2019-12-27T08:02:28.453Z - info: Generating pages...
2019-12-27T08:02:28.736Z - info: Pages built
2019-12-27T08:02:28.839Z - info: Website generation complete! Total build time: 0.438s
2019-12-27T08:02:28.859Z - info: Serving "C:\Users\seanl\Desktop\website\_site" at http://127.0.0.1:8080
2019-12-27T08:02:28.859Z - info: Press CTRL+C to stop ...
2019-12-27T08:02:28.895Z - info: Site data built
2019-12-27T08:04:30.525Z - info: Website generation started at 4:04:30 PM
2019-12-27T08:04:30.572Z - info: Building assets...
2019-12-27T08:04:30.597Z - info: Assets built
2019-12-27T08:04:30.599Z - info: Generating pages...
2019-12-27T08:04:30.969Z - info: Pages built
2019-12-27T08:04:31.092Z - info: Website generation complete! Total build time: 0.607s
2019-12-27T08:04:31.133Z - info: Serving "C:\Users\seanl\Desktop\website\_site" at http://127.0.0.1:8080
2019-12-27T08:04:31.134Z - info: Press CTRL+C to stop ...
2019-12-27T08:04:31.176Z - info: Site data built
2019-12-27T08:17:20.965Z - info: [4:17:20 PM] Reload for file change: C:\Users\seanl\Desktop\website\_markbind\headers\header.md
2019-12-27T08:17:21.970Z - info: Rebuilding affected source files
2019-12-27T08:17:21.972Z - info: Rebuilding 5 pages
2019-12-27T08:17:22.193Z - info: Pages rebuilt
2019-12-27T08:17:22.196Z - info: Site data built
2019-12-27T08:17:25.228Z - info: [4:17:25 PM] Reload for file change: C:\Users\seanl\Desktop\website\_markbind\headers\header.md
2019-12-27T08:17:26.233Z - info: Rebuilding affected source files
2019-12-27T08:17:26.235Z - info: Rebuilding 5 pages
2019-12-27T08:17:26.422Z - info: Pages rebuilt
2019-12-27T08:17:26.427Z - info: Site data built
2019-12-27T08:17:45.021Z - info: [4:17:45 PM] Reload for file change: C:\Users\seanl\Desktop\website\_markbind\headers\header.md
2019-12-27T08:17:46.026Z - info: Rebuilding affected source files
2019-12-27T08:17:46.028Z - info: Rebuilding 5 pages
2019-12-27T08:17:46.179Z - info: Pages rebuilt
2019-12-27T08:17:46.183Z - info: Site data built
2019-12-27T08:19:33.041Z - info: [4:19:33 PM] Reload for file change: C:\Users\seanl\Desktop\website\site.json
2019-12-27T08:19:34.045Z - info: Assets built
2019-12-27T08:19:42.193Z - info: [4:19:42 PM] Reload for file change: C:\Users\seanl\Desktop\website\site.json
2019-12-27T08:19:43.196Z - info: Assets built
2019-12-27T08:20:31.169Z - info: [4:20:31 PM] Reload for file change: C:\Users\seanl\Desktop\website\index.md
2019-12-27T08:20:32.171Z - info: Rebuilding affected source files
2019-12-27T08:20:32.172Z - info: Rebuilding 1 pages
2019-12-27T08:20:32.255Z - info: Pages rebuilt
2019-12-27T08:20:32.259Z - info: Site data built
2019-12-27T08:27:04.536Z - info: [4:27:04 PM] Reload for file change: C:\Users\seanl\Desktop\website\_markbind\navigation\site-nav.md
2019-12-27T08:27:05.537Z - info: Rebuilding affected source files
2019-12-27T08:27:05.539Z - info: Rebuilding 5 pages
2019-12-27T08:27:05.671Z - info: Pages rebuilt
2019-12-27T08:27:05.676Z - info: Site data built
2019-12-27T08:32:34.788Z - info: [4:32:34 PM] Reload for file change: C:\Users\seanl\Desktop\website\index.md
2019-12-27T08:32:35.790Z - info: Rebuilding affected source files
2019-12-27T08:32:35.792Z - info: Rebuilding 1 pages
2019-12-27T08:32:35.919Z - info: Pages rebuilt
2019-12-27T08:32:35.922Z - info: Site data built
2019-12-27T08:34:25.147Z - info: [4:34:25 PM] Reload for file change: C:\Users\seanl\Desktop\website\index.md
2019-12-27T08:34:26.152Z - info: Rebuilding affected source files
2019-12-27T08:34:26.153Z - info: Rebuilding 1 pages
2019-12-27T08:34:26.249Z - info: Pages rebuilt
2019-12-27T08:34:26.257Z - info: Site data built
2019-12-27T08:34:52.067Z - info: [4:34:52 PM] Reload for file change: C:\Users\seanl\Desktop\website\_markbind\footers\footer.md
2019-12-27T08:34:53.070Z - info: Rebuilding affected source files
2019-12-27T08:34:53.073Z - info: Rebuilding 1 pages
2019-12-27T08:34:53.201Z - info: Pages rebuilt
2019-12-27T08:34:53.211Z - info: Site data built
2019-12-27T08:36:02.671Z - info: [4:36:02 PM] Reload for file change: C:\Users\seanl\Desktop\website\index.md
2019-12-27T08:36:03.674Z - info: Rebuilding affected source files
2019-12-27T08:36:03.677Z - info: Rebuilding 1 pages
2019-12-27T08:36:03.766Z - info: Pages rebuilt
2019-12-27T08:36:03.769Z - info: Site data built
2019-12-27T08:36:51.927Z - info: [4:36:51 PM] Reload for file change: C:\Users\seanl\Desktop\website\index.md
2019-12-27T08:36:52.930Z - info: Rebuilding affected source files
2019-12-27T08:36:52.931Z - info: Rebuilding 1 pages
2019-12-27T08:36:53.016Z - info: Pages rebuilt
2019-12-27T08:36:53.019Z - info: Site data built
2019-12-27T08:37:26.884Z - info: [4:37:26 PM] Reload for file add: C:\Users\seanl\Desktop\website\contents\weeks\week1.md
2019-12-27T08:37:27.887Z - warn: Rebuilding all source files
2019-12-27T08:37:28.919Z - info: Assets removed
2019-12-27T08:37:28.920Z - info: Generating pages...
2019-12-27T08:37:29.089Z - info: Pages built
2019-12-27T08:37:41.028Z - info: [4:37:41 PM] Reload for file change: C:\Users\seanl\Desktop\website\contents\weeks\week1.md
2019-12-27T08:37:42.032Z - info: Rebuilding affected source files
2019-12-27T08:37:42.033Z - info: Rebuilding 1 pages
2019-12-27T08:37:42.060Z - info: Pages rebuilt
2019-12-27T08:37:42.063Z - info: Site data built
2019-12-27T08:38:48.013Z - info: [4:38:48 PM] Reload for file change: C:\Users\seanl\Desktop\website\contents\weeks\week1.md
2019-12-27T08:38:49.017Z - info: Rebuilding affected source files
2019-12-27T08:38:49.018Z - info: Rebuilding 1 pages
2019-12-27T08:38:49.040Z - info: Pages rebuilt
2019-12-27T08:38:49.045Z - info: Site data built
2019-12-27T08:39:01.378Z - info: [4:39:01 PM] Reload for file change: C:\Users\seanl\Desktop\website\_markbind\headers\header.md
2019-12-27T08:39:02.380Z - info: Rebuilding affected source files
2019-12-27T08:39:02.383Z - info: Rebuilding 5 pages
2019-12-27T08:39:02.515Z - info: Pages rebuilt
2019-12-27T08:39:02.518Z - info: Site data built
2019-12-27T08:39:56.290Z - info: [4:39:56 PM] Reload for file change: C:\Users\seanl\Desktop\website\_markbind\variables.md
2019-12-27T08:39:57.293Z - info: Rebuilding affected source files
2019-12-27T08:39:57.295Z - warn: Rebuilding all pages as variables file was changed, or the --force-reload flag was set
2019-12-27T08:39:57.297Z - info: Rebuilding 10 pages
2019-12-27T08:39:57.479Z - info: Pages rebuilt
2019-12-27T08:39:57.487Z - info: Site data built
2019-12-27T08:40:08.574Z - info: [4:40:08 PM] Reload for file change: C:\Users\seanl\Desktop\website\index.md
2019-12-27T08:40:09.582Z - info: Rebuilding affected source files
2019-12-27T08:40:09.583Z - info: Rebuilding 1 pages
2019-12-27T08:40:09.611Z - error: uncaughtException: (C:\Users\seanl\Desktop\website\index.md) [Line 1, Column 17]
  expected variable end date=Fri Dec 27 2019 16:40:09 GMT+0800 (Singapore Standard Time), pid=5376, uid=null, gid=null, cwd=C:\Users\seanl\Desktop\website, execPath=C:\Program Files\nodejs\node.exe, version=v12.14.0, argv=[C:\Program Files\nodejs\node.exe, C:\Users\seanl\AppData\Roaming\npm\node_modules\markbind-cli\index.js, serve], rss=66736128, heapTotal=42262528, heapUsed=26237088, external=1558504, loadavg=[0, 0, 0], uptime=3597
Template render error: (C:\Users\seanl\Desktop\website\index.md) [Line 1, Column 17]
  expected variable end
    at Object._prettifyError (C:\Users\seanl\AppData\Roaming\npm\node_modules\markbind-cli\node_modules\nunjucks\src\lib.js:36:11)
    at Template.render (C:\Users\seanl\AppData\Roaming\npm\node_modules\markbind-cli\node_modules\nunjucks\src\environment.js:542:21)
    at Environment.renderString (C:\Users\seanl\AppData\Roaming\npm\node_modules\markbind-cli\node_modules\nunjucks\src\environment.js:380:17)
    at Object.renderString (C:\Users\seanl\AppData\Roaming\npm\node_modules\markbind-cli\node_modules\nunjucks\index.js:99:14)
    at C:\Users\seanl\AppData\Roaming\npm\node_modules\markbind-cli\src\lib\markbind\src\parser.js:707:34
    at FSReqCallback.readFileAfterClose [as oncomplete] (internal/fs/read_file_context.js:61:3)
2019-12-27T08:40:20.332Z - info: [4:40:20 PM] Reload for file change: C:\Users\seanl\Desktop\website\contents\weeks\week1.md
2019-12-27T08:40:51.966Z - info: [4:40:51 PM] Reload for file deletion: C:\Users\seanl\Desktop\website\contents\topic1.md
2019-12-27T08:40:52.968Z - warn: Rebuilding all source files
2019-12-27T08:40:53.142Z - info: [4:40:53 PM] Reload for file deletion: C:\Users\seanl\Desktop\website\contents\topic2.md
2019-12-27T08:40:54.006Z - info: Assets removed
2019-12-27T08:40:54.007Z - info: Generating pages...
2019-12-27T08:40:54.012Z - error:  Error: ENOENT: no such file or directory, open 'C:\Users\seanl\Desktop\website\contents\topic2.md'
2019-12-27T08:40:54.015Z - warn:  Error: Error while generating C:\Users\seanl\Desktop\website\contents\topic2.md
    at C:\Users\seanl\AppData\Roaming\npm\node_modules\markbind-cli\src\Site.js:815:31
    at tryCatcher (C:\Users\seanl\AppData\Roaming\npm\node_modules\markbind-cli\node_modules\bluebird\js\release\util.js:16:23)
    at Promise._settlePromiseFromHandler (C:\Users\seanl\AppData\Roaming\npm\node_modules\markbind-cli\node_modules\bluebird\js\release\promise.js:547:31)
    at Promise._settlePromise (C:\Users\seanl\AppData\Roaming\npm\node_modules\markbind-cli\node_modules\bluebird\js\release\promise.js:604:18)
    at Promise._settlePromise0 (C:\Users\seanl\AppData\Roaming\npm\node_modules\markbind-cli\node_modules\bluebird\js\release\promise.js:649:10)
    at Promise._settlePromises (C:\Users\seanl\AppData\Roaming\npm\node_modules\markbind-cli\node_modules\bluebird\js\release\promise.js:725:18)
    at _drainQueueStep (C:\Users\seanl\AppData\Roaming\npm\node_modules\markbind-cli\node_modules\bluebird\js\release\async.js:93:12)
    at _drainQueue (C:\Users\seanl\AppData\Roaming\npm\node_modules\markbind-cli\node_modules\bluebird\js\release\async.js:86:9)
    at Async._drainQueues (C:\Users\seanl\AppData\Roaming\npm\node_modules\markbind-cli\node_modules\bluebird\js\release\async.js:102:5)
    at Immediate.Async.drainQueues [as _onImmediate] (C:\Users\seanl\AppData\Roaming\npm\node_modules\markbind-cli\node_modules\bluebird\js\release\async.js:15:14)
    at processImmediate (internal/timers.js:439:21)
2019-12-27T08:40:54.022Z - error: uncaughtException: (C:\Users\seanl\Desktop\website\index.md) [Line 1, Column 17]
  expected variable end date=Fri Dec 27 2019 16:40:54 GMT+0800 (Singapore Standard Time), pid=5376, uid=null, gid=null, cwd=C:\Users\seanl\Desktop\website, execPath=C:\Program Files\nodejs\node.exe, version=v12.14.0, argv=[C:\Program Files\nodejs\node.exe, C:\Users\seanl\AppData\Roaming\npm\node_modules\markbind-cli\index.js, serve], rss=61419520, heapTotal=34922496, heapUsed=26677352, external=1894822, loadavg=[0, 0, 0], uptime=3641
Template render error: (C:\Users\seanl\Desktop\website\index.md) [Line 1, Column 17]
  expected variable end
    at Object._prettifyError (C:\Users\seanl\AppData\Roaming\npm\node_modules\markbind-cli\node_modules\nunjucks\src\lib.js:36:11)
    at Template.render (C:\Users\seanl\AppData\Roaming\npm\node_modules\markbind-cli\node_modules\nunjucks\src\environment.js:542:21)
    at Environment.renderString (C:\Users\seanl\AppData\Roaming\npm\node_modules\markbind-cli\node_modules\nunjucks\src\environment.js:380:17)
    at Object.renderString (C:\Users\seanl\AppData\Roaming\npm\node_modules\markbind-cli\node_modules\nunjucks\index.js:99:14)
    at C:\Users\seanl\AppData\Roaming\npm\node_modules\markbind-cli\src\lib\markbind\src\parser.js:707:34
    at FSReqCallback.readFileAfterClose [as oncomplete] (internal/fs/read_file_context.js:61:3)
2019-12-27T08:40:54.037Z - error: uncaughtException: (C:\Users\seanl\Desktop\website\contents\weeks\week1.md) [Line 1, Column 17]
  expected variable end date=Fri Dec 27 2019 16:40:54 GMT+0800 (Singapore Standard Time), pid=5376, uid=null, gid=null, cwd=C:\Users\seanl\Desktop\website, execPath=C:\Program Files\nodejs\node.exe, version=v12.14.0, argv=[C:\Program Files\nodejs\node.exe, C:\Users\seanl\AppData\Roaming\npm\node_modules\markbind-cli\index.js, serve], rss=60801024, heapTotal=34922496, heapUsed=26279536, external=1651233, loadavg=[0, 0, 0], uptime=3641
Template render error: (C:\Users\seanl\Desktop\website\contents\weeks\week1.md) [Line 1, Column 17]
  expected variable end
    at Object._prettifyError (C:\Users\seanl\AppData\Roaming\npm\node_modules\markbind-cli\node_modules\nunjucks\src\lib.js:36:11)
    at Template.render (C:\Users\seanl\AppData\Roaming\npm\node_modules\markbind-cli\node_modules\nunjucks\src\environment.js:542:21)
    at Environment.renderString (C:\Users\seanl\AppData\Roaming\npm\node_modules\markbind-cli\node_modules\nunjucks\src\environment.js:380:17)
    at Object.renderString (C:\Users\seanl\AppData\Roaming\npm\node_modules\markbind-cli\node_modules\nunjucks\index.js:99:14)
    at C:\Users\seanl\AppData\Roaming\npm\node_modules\markbind-cli\src\lib\markbind\src\parser.js:707:34
    at FSReqCallback.readFileAfterClose [as oncomplete] (internal/fs/read_file_context.js:61:3)
2019-12-27T08:40:54.405Z - warn:  Error: Error while generating C:\Users\seanl\Desktop\website\contents\topic2.md
    at C:\Users\seanl\AppData\Roaming\npm\node_modules\markbind-cli\src\Site.js:815:31
    at tryCatcher (C:\Users\seanl\AppData\Roaming\npm\node_modules\markbind-cli\node_modules\bluebird\js\release\util.js:16:23)
    at Promise._settlePromiseFromHandler (C:\Users\seanl\AppData\Roaming\npm\node_modules\markbind-cli\node_modules\bluebird\js\release\promise.js:547:31)
    at Promise._settlePromise (C:\Users\seanl\AppData\Roaming\npm\node_modules\markbind-cli\node_modules\bluebird\js\release\promise.js:604:18)
    at Promise._settlePromise0 (C:\Users\seanl\AppData\Roaming\npm\node_modules\markbind-cli\node_modules\bluebird\js\release\promise.js:649:10)
    at Promise._settlePromises (C:\Users\seanl\AppData\Roaming\npm\node_modules\markbind-cli\node_modules\bluebird\js\release\promise.js:725:18)
    at _drainQueueStep (C:\Users\seanl\AppData\Roaming\npm\node_modules\markbind-cli\node_modules\bluebird\js\release\async.js:93:12)
    at _drainQueue (C:\Users\seanl\AppData\Roaming\npm\node_modules\markbind-cli\node_modules\bluebird\js\release\async.js:86:9)
    at Async._drainQueues (C:\Users\seanl\AppData\Roaming\npm\node_modules\markbind-cli\node_modules\bluebird\js\release\async.js:102:5)
    at Immediate.Async.drainQueues [as _onImmediate] (C:\Users\seanl\AppData\Roaming\npm\node_modules\markbind-cli\node_modules\bluebird\js\release\async.js:15:14)
    at processImmediate (internal/timers.js:439:21)
2019-12-27T08:40:54.412Z - error: Error while generating C:\Users\seanl\Desktop\website\contents\topic2.md
2019-12-27T08:40:54.413Z - warn: Rebuilding all source files
2019-12-27T08:40:55.420Z - info: Assets removed
2019-12-27T08:40:55.421Z - info: Generating pages...
2019-12-27T08:40:55.426Z - error: uncaughtException: (C:\Users\seanl\Desktop\website\index.md) [Line 1, Column 17]
  expected variable end date=Fri Dec 27 2019 16:40:55 GMT+0800 (Singapore Standard Time), pid=5376, uid=null, gid=null, cwd=C:\Users\seanl\Desktop\website, execPath=C:\Program Files\nodejs\node.exe, version=v12.14.0, argv=[C:\Program Files\nodejs\node.exe, C:\Users\seanl\AppData\Roaming\npm\node_modules\markbind-cli\index.js, serve], rss=62963712, heapTotal=38068224, heapUsed=27371040, external=1657453, loadavg=[0, 0, 0], uptime=3642
Template render error: (C:\Users\seanl\Desktop\website\index.md) [Line 1, Column 17]
  expected variable end
    at Object._prettifyError (C:\Users\seanl\AppData\Roaming\npm\node_modules\markbind-cli\node_modules\nunjucks\src\lib.js:36:11)
    at Template.render (C:\Users\seanl\AppData\Roaming\npm\node_modules\markbind-cli\node_modules\nunjucks\src\environment.js:542:21)
    at Environment.renderString (C:\Users\seanl\AppData\Roaming\npm\node_modules\markbind-cli\node_modules\nunjucks\src\environment.js:380:17)
    at Object.renderString (C:\Users\seanl\AppData\Roaming\npm\node_modules\markbind-cli\node_modules\nunjucks\index.js:99:14)
    at C:\Users\seanl\AppData\Roaming\npm\node_modules\markbind-cli\src\lib\markbind\src\parser.js:707:34
    at FSReqCallback.readFileAfterClose [as oncomplete] (internal/fs/read_file_context.js:61:3)
2019-12-27T08:40:55.434Z - error: uncaughtException: (C:\Users\seanl\Desktop\website\contents\weeks\week1.md) [Line 1, Column 17]
  expected variable end date=Fri Dec 27 2019 16:40:55 GMT+0800 (Singapore Standard Time), pid=5376, uid=null, gid=null, cwd=C:\Users\seanl\Desktop\website, execPath=C:\Program Files\nodejs\node.exe, version=v12.14.0, argv=[C:\Program Files\nodejs\node.exe, C:\Users\seanl\AppData\Roaming\npm\node_modules\markbind-cli\index.js, serve], rss=62963712, heapTotal=38068224, heapUsed=27983008, external=1673837, loadavg=[0, 0, 0], uptime=3642
Template render error: (C:\Users\seanl\Desktop\website\contents\weeks\week1.md) [Line 1, Column 17]
  expected variable end
    at Object._prettifyError (C:\Users\seanl\AppData\Roaming\npm\node_modules\markbind-cli\node_modules\nunjucks\src\lib.js:36:11)
    at Template.render (C:\Users\seanl\AppData\Roaming\npm\node_modules\markbind-cli\node_modules\nunjucks\src\environment.js:542:21)
    at Environment.renderString (C:\Users\seanl\AppData\Roaming\npm\node_modules\markbind-cli\node_modules\nunjucks\src\environment.js:380:17)
    at Object.renderString (C:\Users\seanl\AppData\Roaming\npm\node_modules\markbind-cli\node_modules\nunjucks\index.js:99:14)
    at C:\Users\seanl\AppData\Roaming\npm\node_modules\markbind-cli\src\lib\markbind\src\parser.js:707:34
    at FSReqCallback.readFileAfterClose [as oncomplete] (internal/fs/read_file_context.js:61:3)
2019-12-27T08:41:04.177Z - info: [4:41:04 PM] Reload for file add: C:\Users\seanl\Desktop\website\contents\topic2.md
2019-12-27T08:41:04.181Z - info: [4:41:04 PM] Reload for file change: C:\Users\seanl\Desktop\website\contents\topic2.md
2019-12-27T08:41:05.200Z - info: [4:41:05 PM] Reload for file add: C:\Users\seanl\Desktop\website\contents\topic1.md
2019-12-27T08:41:05.204Z - info: [4:41:05 PM] Reload for file change: C:\Users\seanl\Desktop\website\contents\topic1.md
2019-12-27T08:41:07.017Z - info: [4:41:07 PM] Reload for file change: C:\Users\seanl\Desktop\website\contents\weeks\week1.md
2019-12-27T08:41:34.308Z - info: Website generation started at 4:41:34 PM
2019-12-27T08:41:34.401Z - info: Building assets...
2019-12-27T08:41:34.421Z - info: Assets built
2019-12-27T08:41:34.422Z - info: Generating pages...
2019-12-27T08:41:34.450Z - error: uncaughtException: (C:\Users\seanl\Desktop\website\index.md) [Line 1, Column 17]
  expected variable end date=Fri Dec 27 2019 16:41:34 GMT+0800 (Singapore Standard Time), pid=13988, uid=null, gid=null, cwd=C:\Users\seanl\Desktop\website, execPath=C:\Program Files\nodejs\node.exe, version=v12.14.0, argv=[C:\Program Files\nodejs\node.exe, C:\Users\seanl\AppData\Roaming\npm\node_modules\markbind-cli\index.js, serve], rss=67055616, heapTotal=54517760, heapUsed=31988728, external=2896943, loadavg=[0, 0, 0], uptime=3681
Template render error: (C:\Users\seanl\Desktop\website\index.md) [Line 1, Column 17]
  expected variable end
    at Object._prettifyError (C:\Users\seanl\AppData\Roaming\npm\node_modules\markbind-cli\node_modules\nunjucks\src\lib.js:36:11)
    at Template.render (C:\Users\seanl\AppData\Roaming\npm\node_modules\markbind-cli\node_modules\nunjucks\src\environment.js:542:21)
    at Environment.renderString (C:\Users\seanl\AppData\Roaming\npm\node_modules\markbind-cli\node_modules\nunjucks\src\environment.js:380:17)
    at Object.renderString (C:\Users\seanl\AppData\Roaming\npm\node_modules\markbind-cli\node_modules\nunjucks\index.js:99:14)
    at C:\Users\seanl\AppData\Roaming\npm\node_modules\markbind-cli\src\lib\markbind\src\parser.js:707:34
    at FSReqCallback.readFileAfterClose [as oncomplete] (internal/fs/read_file_context.js:61:3)
2019-12-27T08:42:02.665Z - info: Website generation started at 4:42:02 PM
2019-12-27T08:42:02.701Z - info: Building assets...
2019-12-27T08:42:02.722Z - info: Assets built
2019-12-27T08:42:02.723Z - info: Generating pages...
2019-12-27T08:42:03.011Z - info: Pages built
2019-12-27T08:42:03.075Z - info: Website generation complete! Total build time: 0.421s
2019-12-27T08:42:03.098Z - info: Serving "C:\Users\seanl\Desktop\website\_site" at http://127.0.0.1:8080
2019-12-27T08:42:03.099Z - info: Press CTRL+C to stop ...
2019-12-27T08:42:03.129Z - info: Site data built
2019-12-27T08:42:18.490Z - info: [4:42:18 PM] Reload for file change: C:\Users\seanl\Desktop\website\index.md
2019-12-27T08:42:19.494Z - info: Rebuilding affected source files
2019-12-27T08:42:19.496Z - info: Rebuilding 1 pages
2019-12-27T08:42:19.629Z - info: Pages rebuilt
2019-12-27T08:42:19.634Z - info: Site data built
2019-12-27T08:42:30.233Z - info: [4:42:30 PM] Reload for file change: C:\Users\seanl\Desktop\website\index.md
2019-12-27T08:42:31.236Z - info: Rebuilding affected source files
2019-12-27T08:42:31.239Z - info: Rebuilding 1 pages
2019-12-27T08:42:31.330Z - info: Pages rebuilt
2019-12-27T08:42:31.335Z - info: Site data built
2019-12-27T08:42:38.545Z - info: [4:42:38 PM] Reload for file change: C:\Users\seanl\Desktop\website\contents\topic1.md
2019-12-27T08:42:39.547Z - info: Rebuilding affected source files
2019-12-27T08:42:39.552Z - info: Rebuilding 1 pages
2019-12-27T08:42:39.587Z - info: Pages rebuilt
2019-12-27T08:42:39.591Z - info: Site data built
2019-12-27T08:42:40.404Z - info: [4:42:40 PM] Reload for file change: C:\Users\seanl\Desktop\website\contents\topic2.md
2019-12-27T08:42:41.406Z - info: Rebuilding affected source files
2019-12-27T08:42:41.407Z - info: Rebuilding 1 pages
2019-12-27T08:42:41.432Z - info: Pages rebuilt
2019-12-27T08:42:41.437Z - info: Site data built
2019-12-27T08:42:42.119Z - info: [4:42:42 PM] Reload for file change: C:\Users\seanl\Desktop\website\contents\topic3b.md
2019-12-27T08:42:43.122Z - info: Rebuilding affected source files
2019-12-27T08:42:43.123Z - info: Rebuilding 1 pages
2019-12-27T08:42:43.146Z - info: Pages rebuilt
2019-12-27T08:42:43.149Z - info: Site data built
2019-12-27T08:42:43.952Z - info: [4:42:43 PM] Reload for file change: C:\Users\seanl\Desktop\website\contents\topic3a.md
2019-12-27T08:42:44.955Z - info: Rebuilding affected source files
2019-12-27T08:42:44.956Z - info: Rebuilding 1 pages
2019-12-27T08:42:44.984Z - info: Pages rebuilt
2019-12-27T08:42:44.988Z - info: Site data built
2019-12-27T08:42:49.219Z - info: [4:42:49 PM] Reload for file change: C:\Users\seanl\Desktop\website\contents\weeks\week1.md
2019-12-27T08:42:50.220Z - info: Rebuilding affected source files
2019-12-27T08:42:50.221Z - info: Rebuilding 1 pages
2019-12-27T08:42:50.245Z - info: Pages rebuilt
2019-12-27T08:42:50.250Z - info: Site data built
2019-12-27T08:43:00.742Z - info: [4:43:00 PM] Reload for file change: C:\Users\seanl\Desktop\website\contents\weeks\week1.md
2019-12-27T08:43:01.744Z - info: Rebuilding affected source files
2019-12-27T08:43:01.745Z - info: Rebuilding 1 pages
2019-12-27T08:43:01.769Z - info: Pages rebuilt
2019-12-27T08:43:01.773Z - info: Site data built
2019-12-27T08:44:09.241Z - info: [4:44:09 PM] Reload for file change: C:\Users\seanl\Desktop\website\contents\weeks\week1.md
2019-12-27T08:44:10.244Z - info: Rebuilding affected source files
2019-12-27T08:44:10.246Z - info: Rebuilding 1 pages
2019-12-27T08:44:10.278Z - info: Pages rebuilt
2019-12-27T08:44:10.282Z - info: Site data built
2019-12-27T08:44:16.297Z - info: [4:44:16 PM] Reload for file change: C:\Users\seanl\Desktop\website\contents\weeks\week1.md
2019-12-27T08:44:17.300Z - info: Rebuilding affected source files
2019-12-27T08:44:17.301Z - info: Rebuilding 1 pages
2019-12-27T08:44:17.325Z - info: Pages rebuilt
2019-12-27T08:44:17.329Z - info: Site data built
2019-12-27T08:44:28.502Z - info: [4:44:28 PM] Reload for file change: C:\Users\seanl\Desktop\website\contents\weeks\week1.md
2019-12-27T08:44:29.505Z - info: Rebuilding affected source files
2019-12-27T08:44:29.505Z - info: Rebuilding 1 pages
2019-12-27T08:44:29.530Z - info: Pages rebuilt
2019-12-27T08:44:29.534Z - info: Site data built
2019-12-27T08:44:38.436Z - info: [4:44:38 PM] Reload for file change: C:\Users\seanl\Desktop\website\index.md
2019-12-27T08:44:39.441Z - info: Rebuilding affected source files
2019-12-27T08:44:39.442Z - info: Rebuilding 1 pages
2019-12-27T08:44:39.538Z - info: Pages rebuilt
2019-12-27T08:44:39.542Z - info: Site data built
2019-12-27T08:45:30.442Z - info: [4:45:30 PM] Reload for file change: C:\Users\seanl\Desktop\website\index.md
2019-12-27T08:45:31.446Z - info: Rebuilding affected source files
2019-12-27T08:45:31.449Z - info: Rebuilding 1 pages
2019-12-27T08:45:31.457Z - error:  Error: No such file: C:\Users\seanl\Desktop\website\conents\weeks\week1.md
Missing reference in C:\Users\seanl\Desktop\website\index.md
    at Parser._preprocess (C:\Users\seanl\AppData\Roaming\npm\node_modules\markbind-cli\src\lib\markbind\src\parser.js:355:21)
    at C:\Users\seanl\AppData\Roaming\npm\node_modules\markbind-cli\src\lib\markbind\src\parser.js:505:57
    at Array.map (<anonymous>)
    at Parser._preprocess (C:\Users\seanl\AppData\Roaming\npm\node_modules\markbind-cli\src\lib\markbind\src\parser.js:505:43)
    at C:\Users\seanl\AppData\Roaming\npm\node_modules\markbind-cli\src\lib\markbind\src\parser.js:673:28
    at Array.map (<anonymous>)
    at DomHandler._callback (C:\Users\seanl\AppData\Roaming\npm\node_modules\markbind-cli\src\lib\markbind\src\parser.js:670:25)
    at DomHandler._handleCallback.DomHandler.onerror (C:\Users\seanl\AppData\Roaming\npm\node_modules\markbind-cli\node_modules\domhandler\index.js:52:8)
    at DomHandler.onend (C:\Users\seanl\AppData\Roaming\npm\node_modules\markbind-cli\node_modules\domhandler\index.js:46:7)
    at Parser.onend (C:\Users\seanl\AppData\Roaming\npm\node_modules\markbind-cli\node_modules\htmlparser2\lib\Parser.js:340:36)
    at Tokenizer._finish (C:\Users\seanl\AppData\Roaming\npm\node_modules\markbind-cli\node_modules\htmlparser2\lib\Tokenizer.js:890:15)
    at Tokenizer.end (C:\Users\seanl\AppData\Roaming\npm\node_modules\markbind-cli\node_modules\htmlparser2\lib\Tokenizer.js:881:29)
    at Parser.end (C:\Users\seanl\AppData\Roaming\npm\node_modules\markbind-cli\node_modules\htmlparser2\lib\Parser.js:367:21)
    at Parser.parseComplete (C:\Users\seanl\AppData\Roaming\npm\node_modules\markbind-cli\node_modules\htmlparser2\lib\Parser.js:359:10)
    at C:\Users\seanl\AppData\Roaming\npm\node_modules\markbind-cli\src\lib\markbind\src\parser.js:716:16
    at FSReqCallback.readFileAfterClose [as oncomplete] (internal/fs/read_file_context.js:61:3)
2019-12-27T08:45:31.525Z - info: Pages rebuilt
2019-12-27T08:45:31.529Z - info: Site data built
2019-12-27T08:45:59.552Z - info: [4:45:59 PM] Reload for file change: C:\Users\seanl\Desktop\website\index.md
2019-12-27T08:46:00.556Z - info: Rebuilding affected source files
2019-12-27T08:46:00.558Z - info: Rebuilding 1 pages
2019-12-27T08:46:00.563Z - error:  Error: No such file: C:\Users\seanl\Desktop\website\conents\weeks\week1.html
Missing reference in C:\Users\seanl\Desktop\website\index.md
    at Parser._preprocess (C:\Users\seanl\AppData\Roaming\npm\node_modules\markbind-cli\src\lib\markbind\src\parser.js:355:21)
    at C:\Users\seanl\AppData\Roaming\npm\node_modules\markbind-cli\src\lib\markbind\src\parser.js:505:57
    at Array.map (<anonymous>)
    at Parser._preprocess (C:\Users\seanl\AppData\Roaming\npm\node_modules\markbind-cli\src\lib\markbind\src\parser.js:505:43)
    at C:\Users\seanl\AppData\Roaming\npm\node_modules\markbind-cli\src\lib\markbind\src\parser.js:673:28
    at Array.map (<anonymous>)
    at DomHandler._callback (C:\Users\seanl\AppData\Roaming\npm\node_modules\markbind-cli\src\lib\markbind\src\parser.js:670:25)
    at DomHandler._handleCallback.DomHandler.onerror (C:\Users\seanl\AppData\Roaming\npm\node_modules\markbind-cli\node_modules\domhandler\index.js:52:8)
    at DomHandler.onend (C:\Users\seanl\AppData\Roaming\npm\node_modules\markbind-cli\node_modules\domhandler\index.js:46:7)
    at Parser.onend (C:\Users\seanl\AppData\Roaming\npm\node_modules\markbind-cli\node_modules\htmlparser2\lib\Parser.js:340:36)
    at Tokenizer._finish (C:\Users\seanl\AppData\Roaming\npm\node_modules\markbind-cli\node_modules\htmlparser2\lib\Tokenizer.js:890:15)
    at Tokenizer.end (C:\Users\seanl\AppData\Roaming\npm\node_modules\markbind-cli\node_modules\htmlparser2\lib\Tokenizer.js:881:29)
    at Parser.end (C:\Users\seanl\AppData\Roaming\npm\node_modules\markbind-cli\node_modules\htmlparser2\lib\Parser.js:367:21)
    at Parser.parseComplete (C:\Users\seanl\AppData\Roaming\npm\node_modules\markbind-cli\node_modules\htmlparser2\lib\Parser.js:359:10)
    at C:\Users\seanl\AppData\Roaming\npm\node_modules\markbind-cli\src\lib\markbind\src\parser.js:716:16
    at FSReqCallback.readFileAfterClose [as oncomplete] (internal/fs/read_file_context.js:61:3)
2019-12-27T08:46:00.631Z - info: Pages rebuilt
2019-12-27T08:46:00.635Z - info: Site data built
2019-12-27T08:46:48.850Z - info: [4:46:48 PM] Reload for file change: C:\Users\seanl\Desktop\website\index.md
2019-12-27T08:46:49.852Z - info: Rebuilding affected source files
2019-12-27T08:46:49.854Z - info: Rebuilding 1 pages
2019-12-27T08:46:49.864Z - error:  Error: No such file: C:\Users\seanl\Desktop\website\conents\weeks\week1.html
Missing reference in C:\Users\seanl\Desktop\website\index.md
    at Parser._preprocess (C:\Users\seanl\AppData\Roaming\npm\node_modules\markbind-cli\src\lib\markbind\src\parser.js:355:21)
    at C:\Users\seanl\AppData\Roaming\npm\node_modules\markbind-cli\src\lib\markbind\src\parser.js:505:57
    at Array.map (<anonymous>)
    at Parser._preprocess (C:\Users\seanl\AppData\Roaming\npm\node_modules\markbind-cli\src\lib\markbind\src\parser.js:505:43)
    at C:\Users\seanl\AppData\Roaming\npm\node_modules\markbind-cli\src\lib\markbind\src\parser.js:673:28
    at Array.map (<anonymous>)
    at DomHandler._callback (C:\Users\seanl\AppData\Roaming\npm\node_modules\markbind-cli\src\lib\markbind\src\parser.js:670:25)
    at DomHandler._handleCallback.DomHandler.onerror (C:\Users\seanl\AppData\Roaming\npm\node_modules\markbind-cli\node_modules\domhandler\index.js:52:8)
    at DomHandler.onend (C:\Users\seanl\AppData\Roaming\npm\node_modules\markbind-cli\node_modules\domhandler\index.js:46:7)
    at Parser.onend (C:\Users\seanl\AppData\Roaming\npm\node_modules\markbind-cli\node_modules\htmlparser2\lib\Parser.js:340:36)
    at Tokenizer._finish (C:\Users\seanl\AppData\Roaming\npm\node_modules\markbind-cli\node_modules\htmlparser2\lib\Tokenizer.js:890:15)
    at Tokenizer.end (C:\Users\seanl\AppData\Roaming\npm\node_modules\markbind-cli\node_modules\htmlparser2\lib\Tokenizer.js:881:29)
    at Parser.end (C:\Users\seanl\AppData\Roaming\npm\node_modules\markbind-cli\node_modules\htmlparser2\lib\Parser.js:367:21)
    at Parser.parseComplete (C:\Users\seanl\AppData\Roaming\npm\node_modules\markbind-cli\node_modules\htmlparser2\lib\Parser.js:359:10)
    at C:\Users\seanl\AppData\Roaming\npm\node_modules\markbind-cli\src\lib\markbind\src\parser.js:716:16
    at FSReqCallback.readFileAfterClose [as oncomplete] (internal/fs/read_file_context.js:61:3)
2019-12-27T08:46:49.925Z - info: Pages rebuilt
2019-12-27T08:46:49.931Z - info: Site data built
2019-12-27T08:47:44.080Z - info: [4:47:44 PM] Reload for file change: C:\Users\seanl\Desktop\website\index.md
2019-12-27T08:47:45.083Z - info: Rebuilding affected source files
2019-12-27T08:47:45.083Z - info: Rebuilding 1 pages
2019-12-27T08:47:45.088Z - error:  Error: No such file: C:\Users\seanl\Desktop\website\contents\weeks\week1.html
Missing reference in C:\Users\seanl\Desktop\website\index.md
    at Parser._preprocess (C:\Users\seanl\AppData\Roaming\npm\node_modules\markbind-cli\src\lib\markbind\src\parser.js:355:21)
    at C:\Users\seanl\AppData\Roaming\npm\node_modules\markbind-cli\src\lib\markbind\src\parser.js:505:57
    at Array.map (<anonymous>)
    at Parser._preprocess (C:\Users\seanl\AppData\Roaming\npm\node_modules\markbind-cli\src\lib\markbind\src\parser.js:505:43)
    at C:\Users\seanl\AppData\Roaming\npm\node_modules\markbind-cli\src\lib\markbind\src\parser.js:673:28
    at Array.map (<anonymous>)
    at DomHandler._callback (C:\Users\seanl\AppData\Roaming\npm\node_modules\markbind-cli\src\lib\markbind\src\parser.js:670:25)
    at DomHandler._handleCallback.DomHandler.onerror (C:\Users\seanl\AppData\Roaming\npm\node_modules\markbind-cli\node_modules\domhandler\index.js:52:8)
    at DomHandler.onend (C:\Users\seanl\AppData\Roaming\npm\node_modules\markbind-cli\node_modules\domhandler\index.js:46:7)
    at Parser.onend (C:\Users\seanl\AppData\Roaming\npm\node_modules\markbind-cli\node_modules\htmlparser2\lib\Parser.js:340:36)
    at Tokenizer._finish (C:\Users\seanl\AppData\Roaming\npm\node_modules\markbind-cli\node_modules\htmlparser2\lib\Tokenizer.js:890:15)
    at Tokenizer.end (C:\Users\seanl\AppData\Roaming\npm\node_modules\markbind-cli\node_modules\htmlparser2\lib\Tokenizer.js:881:29)
    at Parser.end (C:\Users\seanl\AppData\Roaming\npm\node_modules\markbind-cli\node_modules\htmlparser2\lib\Parser.js:367:21)
    at Parser.parseComplete (C:\Users\seanl\AppData\Roaming\npm\node_modules\markbind-cli\node_modules\htmlparser2\lib\Parser.js:359:10)
    at C:\Users\seanl\AppData\Roaming\npm\node_modules\markbind-cli\src\lib\markbind\src\parser.js:716:16
    at FSReqCallback.readFileAfterClose [as oncomplete] (internal/fs/read_file_context.js:61:3)
2019-12-27T08:47:45.154Z - info: Pages rebuilt
2019-12-27T08:47:45.159Z - info: Site data built
2019-12-27T08:48:05.853Z - info: [4:48:05 PM] Reload for file change: C:\Users\seanl\Desktop\website\index.md
2019-12-27T08:48:06.856Z - info: Rebuilding affected source files
2019-12-27T08:48:06.857Z - info: Rebuilding 1 pages
2019-12-27T08:48:06.947Z - info: Pages rebuilt
2019-12-27T08:48:06.950Z - info: Site data built
2019-12-27T08:48:40.061Z - info: [4:48:40 PM] Reload for file change: C:\Users\seanl\Desktop\website\contents\weeks\week1.md
2019-12-27T08:48:41.063Z - info: Rebuilding affected source files
2019-12-27T08:48:41.064Z - info: Rebuilding 2 pages
2019-12-27T08:48:41.148Z - info: Pages rebuilt
2019-12-27T08:48:41.151Z - info: Site data built
2019-12-27T08:48:51.130Z - info: [4:48:51 PM] Reload for file change: C:\Users\seanl\Desktop\website\contents\weeks\week1.md
2019-12-27T08:48:52.134Z - info: Rebuilding affected source files
2019-12-27T08:48:52.135Z - info: Rebuilding 2 pages
2019-12-27T08:48:52.217Z - info: Pages rebuilt
2019-12-27T08:48:52.221Z - info: Site data built
2019-12-27T08:50:17.591Z - info: [4:50:17 PM] Reload for file change: C:\Users\seanl\Desktop\website\contents\weeks\week1.md
2019-12-27T08:50:18.593Z - info: Rebuilding affected source files
2019-12-27T08:50:18.595Z - info: Rebuilding 2 pages
2019-12-27T08:50:18.684Z - info: Pages rebuilt
2019-12-27T08:50:18.691Z - info: Site data built
2019-12-27T08:52:12.858Z - info: [4:52:12 PM] Reload for file change: C:\Users\seanl\Desktop\website\index.md
2019-12-27T08:52:13.863Z - info: Rebuilding affected source files
2019-12-27T08:52:13.867Z - info: Rebuilding 1 pages
2019-12-27T08:52:14.101Z - info: Pages rebuilt
2019-12-27T08:52:14.113Z - info: Site data built
2019-12-27T08:52:39.788Z - info: [4:52:39 PM] Reload for file change: C:\Users\seanl\Desktop\website\index.md
2019-12-27T08:52:40.790Z - info: Rebuilding affected source files
2019-12-27T08:52:40.791Z - info: Rebuilding 1 pages
2019-12-27T08:52:40.820Z - info: Pages rebuilt
2019-12-27T08:52:40.824Z - info: Site data built
2019-12-27T08:52:48.879Z - info: [4:52:48 PM] Reload for file change: C:\Users\seanl\Desktop\website\index.md
2019-12-27T08:52:49.882Z - info: Rebuilding affected source files
2019-12-27T08:52:49.883Z - info: Rebuilding 1 pages
2019-12-27T08:52:49.951Z - info: Pages rebuilt
2019-12-27T08:52:49.955Z - info: Site data built
2019-12-27T08:52:59.101Z - info: [4:52:59 PM] Reload for file change: C:\Users\seanl\Desktop\website\index.md
2019-12-27T08:53:00.102Z - info: Rebuilding affected source files
2019-12-27T08:53:00.106Z - info: Rebuilding 1 pages
2019-12-27T08:53:00.175Z - info: Pages rebuilt
2019-12-27T08:53:00.179Z - info: Site data built
2019-12-27T08:53:11.137Z - info: [4:53:11 PM] Reload for file change: C:\Users\seanl\Desktop\website\index.md
2019-12-27T08:53:12.139Z - info: Rebuilding affected source files
2019-12-27T08:53:12.140Z - info: Rebuilding 1 pages
2019-12-27T08:53:12.198Z - info: Pages rebuilt
2019-12-27T08:53:12.201Z - info: Site data built
2019-12-27T08:53:20.278Z - info: [4:53:20 PM] Reload for file change: C:\Users\seanl\Desktop\website\index.md
2019-12-27T08:53:21.281Z - info: Rebuilding affected source files
2019-12-27T08:53:21.284Z - info: Rebuilding 1 pages
2019-12-27T08:53:21.359Z - info: Pages rebuilt
2019-12-27T08:53:21.363Z - info: Site data built
2019-12-27T08:53:36.286Z - info: [4:53:36 PM] Reload for file change: C:\Users\seanl\Desktop\website\index.md
2019-12-27T08:53:37.290Z - info: Rebuilding affected source files
2019-12-27T08:53:37.291Z - info: Rebuilding 1 pages
2019-12-27T08:53:37.403Z - info: Pages rebuilt
2019-12-27T08:53:37.408Z - info: Site data built
2019-12-27T08:53:40.139Z - info: [4:53:40 PM] Reload for file change: C:\Users\seanl\Desktop\website\index.md
2019-12-27T08:53:41.141Z - info: Rebuilding affected source files
2019-12-27T08:53:41.142Z - info: Rebuilding 1 pages
2019-12-27T08:53:41.197Z - info: Pages rebuilt
2019-12-27T08:53:41.201Z - info: Site data built
2019-12-27T08:54:02.698Z - info: [4:54:02 PM] Reload for file change: C:\Users\seanl\Desktop\website\index.md
2019-12-27T08:54:03.702Z - info: Rebuilding affected source files
2019-12-27T08:54:03.702Z - info: Rebuilding 1 pages
2019-12-27T08:54:03.713Z - error:  Error: No such file: C:\Users\seanl\Desktop\website\contents\weeks\week1.md>
Some text some text some text some text some text some text some text. **Some text some text some text some text some text ==some text== some text**. Some text some text some text some text some text some text some text some text some text some text some text some text some text some text. Some text some text some text some text some text some text. Some text some text some text some text some text some text some text.

**A block quote:**

> Some text some text some text some text some text some text some text. Some text some text some text some text some text some text some text. Some text some text some text some text some text some text some text some text some text some text some text some text some text some text. Some text some text some text some text some text some text. Some text some text some text some text some text some text some text.

**A list:**

* item A
* item B
  1. item b1
  1. item b2
  1. item b3

**A `code` example:**

```html
<foo>
  <bar type=
Missing reference in C:\Users\seanl\Desktop\website\index.md
    at Parser._preprocess (C:\Users\seanl\AppData\Roaming\npm\node_modules\markbind-cli\src\lib\markbind\src\parser.js:355:21)
    at C:\Users\seanl\AppData\Roaming\npm\node_modules\markbind-cli\src\lib\markbind\src\parser.js:505:57
    at Array.map (<anonymous>)
    at Parser._preprocess (C:\Users\seanl\AppData\Roaming\npm\node_modules\markbind-cli\src\lib\markbind\src\parser.js:505:43)
    at C:\Users\seanl\AppData\Roaming\npm\node_modules\markbind-cli\src\lib\markbind\src\parser.js:673:28
    at Array.map (<anonymous>)
    at DomHandler._callback (C:\Users\seanl\AppData\Roaming\npm\node_modules\markbind-cli\src\lib\markbind\src\parser.js:670:25)
    at DomHandler._handleCallback.DomHandler.onerror (C:\Users\seanl\AppData\Roaming\npm\node_modules\markbind-cli\node_modules\domhandler\index.js:52:8)
    at DomHandler.onend (C:\Users\seanl\AppData\Roaming\npm\node_modules\markbind-cli\node_modules\domhandler\index.js:46:7)
    at Parser.onend (C:\Users\seanl\AppData\Roaming\npm\node_modules\markbind-cli\node_modules\htmlparser2\lib\Parser.js:340:36)
    at Tokenizer._finish (C:\Users\seanl\AppData\Roaming\npm\node_modules\markbind-cli\node_modules\htmlparser2\lib\Tokenizer.js:890:15)
    at Tokenizer.end (C:\Users\seanl\AppData\Roaming\npm\node_modules\markbind-cli\node_modules\htmlparser2\lib\Tokenizer.js:881:29)
    at Parser.end (C:\Users\seanl\AppData\Roaming\npm\node_modules\markbind-cli\node_modules\htmlparser2\lib\Parser.js:367:21)
    at Parser.parseComplete (C:\Users\seanl\AppData\Roaming\npm\node_modules\markbind-cli\node_modules\htmlparser2\lib\Parser.js:359:10)
    at C:\Users\seanl\AppData\Roaming\npm\node_modules\markbind-cli\src\lib\markbind\src\parser.js:716:16
    at FSReqCallback.readFileAfterClose [as oncomplete] (internal/fs/read_file_context.js:61:3)
2019-12-27T08:54:03.750Z - info: Pages rebuilt
2019-12-27T08:54:03.754Z - info: Site data built
2019-12-27T08:54:10.012Z - info: [4:54:10 PM] Reload for file change: C:\Users\seanl\Desktop\website\index.md
2019-12-27T08:54:11.016Z - info: Rebuilding affected source files
2019-12-27T08:54:11.021Z - info: Rebuilding 1 pages
2019-12-27T08:54:11.045Z - error:  Error: No such file: C:\Users\seanl\Desktop\website\contents\weeks\week1.md \>
Some text some text some text some text some text some text some text. **Some text some text some text some text some text ==some text== some text**. Some text some text some text some text some text some text some text some text some text some text some text some text some text some text. Some text some text some text some text some text some text. Some text some text some text some text some text some text some text.

**A block quote:**

> Some text some text some text some text some text some text some text. Some text some text some text some text some text some text some text. Some text some text some text some text some text some text some text some text some text some text some text some text some text some text. Some text some text some text some text some text some text. Some text some text some text some text some text some text some text.

**A list:**

* item A
* item B
  1. item b1
  1. item b2
  1. item b3

**A `code` example:**

```html
<foo>
  <bar type=
Missing reference in C:\Users\seanl\Desktop\website\index.md
    at Parser._preprocess (C:\Users\seanl\AppData\Roaming\npm\node_modules\markbind-cli\src\lib\markbind\src\parser.js:355:21)
    at C:\Users\seanl\AppData\Roaming\npm\node_modules\markbind-cli\src\lib\markbind\src\parser.js:505:57
    at Array.map (<anonymous>)
    at Parser._preprocess (C:\Users\seanl\AppData\Roaming\npm\node_modules\markbind-cli\src\lib\markbind\src\parser.js:505:43)
    at C:\Users\seanl\AppData\Roaming\npm\node_modules\markbind-cli\src\lib\markbind\src\parser.js:673:28
    at Array.map (<anonymous>)
    at DomHandler._callback (C:\Users\seanl\AppData\Roaming\npm\node_modules\markbind-cli\src\lib\markbind\src\parser.js:670:25)
    at DomHandler._handleCallback.DomHandler.onerror (C:\Users\seanl\AppData\Roaming\npm\node_modules\markbind-cli\node_modules\domhandler\index.js:52:8)
    at DomHandler.onend (C:\Users\seanl\AppData\Roaming\npm\node_modules\markbind-cli\node_modules\domhandler\index.js:46:7)
    at Parser.onend (C:\Users\seanl\AppData\Roaming\npm\node_modules\markbind-cli\node_modules\htmlparser2\lib\Parser.js:340:36)
    at Tokenizer._finish (C:\Users\seanl\AppData\Roaming\npm\node_modules\markbind-cli\node_modules\htmlparser2\lib\Tokenizer.js:890:15)
    at Tokenizer.end (C:\Users\seanl\AppData\Roaming\npm\node_modules\markbind-cli\node_modules\htmlparser2\lib\Tokenizer.js:881:29)
    at Parser.end (C:\Users\seanl\AppData\Roaming\npm\node_modules\markbind-cli\node_modules\htmlparser2\lib\Parser.js:367:21)
    at Parser.parseComplete (C:\Users\seanl\AppData\Roaming\npm\node_modules\markbind-cli\node_modules\htmlparser2\lib\Parser.js:359:10)
    at C:\Users\seanl\AppData\Roaming\npm\node_modules\markbind-cli\src\lib\markbind\src\parser.js:716:16
    at FSReqCallback.readFileAfterClose [as oncomplete] (internal/fs/read_file_context.js:61:3)
2019-12-27T08:54:11.123Z - info: Pages rebuilt
2019-12-27T08:54:11.131Z - info: Site data built
2019-12-27T08:54:40.987Z - info: [4:54:40 PM] Reload for file change: C:\Users\seanl\Desktop\website\index.md
2019-12-27T08:54:41.992Z - info: Rebuilding affected source files
2019-12-27T08:54:41.993Z - info: Rebuilding 1 pages
2019-12-27T08:54:42.117Z - info: Pages rebuilt
2019-12-27T08:54:42.125Z - info: Site data built
2019-12-27T08:54:58.851Z - info: [4:54:58 PM] Reload for file change: C:\Users\seanl\Desktop\website\index.md
2019-12-27T08:54:59.852Z - info: Rebuilding affected source files
2019-12-27T08:54:59.853Z - info: Rebuilding 1 pages
2019-12-27T08:54:59.925Z - info: Pages rebuilt
2019-12-27T08:54:59.930Z - info: Site data built
2019-12-27T08:55:58.776Z - info: [4:55:58 PM] Reload for file change: C:\Users\seanl\Desktop\website\index.md
2019-12-27T08:55:59.778Z - info: Rebuilding affected source files
2019-12-27T08:55:59.779Z - info: Rebuilding 1 pages
2019-12-27T08:55:59.832Z - info: Pages rebuilt
2019-12-27T08:55:59.838Z - info: Site data built
2019-12-27T08:56:04.383Z - info: [4:56:04 PM] Reload for file change: C:\Users\seanl\Desktop\website\index.md
2019-12-27T08:56:05.385Z - info: Rebuilding affected source files
2019-12-27T08:56:05.386Z - info: Rebuilding 1 pages
2019-12-27T08:56:05.423Z - info: Pages rebuilt
2019-12-27T08:56:05.428Z - info: Site data built
2019-12-27T08:56:09.204Z - info: [4:56:09 PM] Reload for file change: C:\Users\seanl\Desktop\website\index.md
2019-12-27T08:56:10.208Z - info: Rebuilding affected source files
2019-12-27T08:56:10.209Z - info: Rebuilding 1 pages
2019-12-27T08:56:10.251Z - info: Pages rebuilt
2019-12-27T08:56:10.254Z - info: Site data built
2019-12-27T08:56:14.621Z - info: [4:56:14 PM] Reload for file change: C:\Users\seanl\Desktop\website\index.md
2019-12-27T08:56:15.625Z - info: Rebuilding affected source files
2019-12-27T08:56:15.626Z - info: Rebuilding 1 pages
2019-12-27T08:56:15.659Z - info: Pages rebuilt
2019-12-27T08:56:15.666Z - info: Site data built
2019-12-27T08:56:58.344Z - info: [4:56:58 PM] Reload for file change: C:\Users\seanl\Desktop\website\index.md
2019-12-27T08:56:59.345Z - info: Rebuilding affected source files
2019-12-27T08:56:59.346Z - info: Rebuilding 1 pages
2019-12-27T08:56:59.386Z - info: Pages rebuilt
2019-12-27T08:56:59.391Z - info: Site data built
2019-12-27T08:58:28.438Z - info: [4:58:28 PM] Reload for file change: C:\Users\seanl\Desktop\website\_markbind\headers\header.md
2019-12-27T08:58:29.439Z - info: Rebuilding affected source files
2019-12-27T08:58:29.441Z - info: Rebuilding 6 pages
2019-12-27T08:58:29.613Z - info: Pages rebuilt
2019-12-27T08:58:29.625Z - info: Site data built
2019-12-27T08:59:19.907Z - info: [4:59:19 PM] Reload for file deletion: C:\Users\seanl\Desktop\website\contents\topic1.md
2019-12-27T08:59:20.910Z - warn: Rebuilding all source files
2019-12-27T08:59:21.373Z - info: [4:59:21 PM] Reload for file deletion: C:\Users\seanl\Desktop\website\contents\topic2.md
2019-12-27T08:59:21.961Z - info: Assets removed
2019-12-27T08:59:21.963Z - info: Generating pages...
2019-12-27T08:59:21.974Z - error:  Error: ENOENT: no such file or directory, open 'C:\Users\seanl\Desktop\website\contents\topic2.md'
2019-12-27T08:59:21.976Z - warn:  Error: Error while generating C:\Users\seanl\Desktop\website\contents\topic2.md
    at C:\Users\seanl\AppData\Roaming\npm\node_modules\markbind-cli\src\Site.js:815:31
    at tryCatcher (C:\Users\seanl\AppData\Roaming\npm\node_modules\markbind-cli\node_modules\bluebird\js\release\util.js:16:23)
    at Promise._settlePromiseFromHandler (C:\Users\seanl\AppData\Roaming\npm\node_modules\markbind-cli\node_modules\bluebird\js\release\promise.js:547:31)
    at Promise._settlePromise (C:\Users\seanl\AppData\Roaming\npm\node_modules\markbind-cli\node_modules\bluebird\js\release\promise.js:604:18)
    at Promise._settlePromise0 (C:\Users\seanl\AppData\Roaming\npm\node_modules\markbind-cli\node_modules\bluebird\js\release\promise.js:649:10)
    at Promise._settlePromises (C:\Users\seanl\AppData\Roaming\npm\node_modules\markbind-cli\node_modules\bluebird\js\release\promise.js:725:18)
    at _drainQueueStep (C:\Users\seanl\AppData\Roaming\npm\node_modules\markbind-cli\node_modules\bluebird\js\release\async.js:93:12)
    at _drainQueue (C:\Users\seanl\AppData\Roaming\npm\node_modules\markbind-cli\node_modules\bluebird\js\release\async.js:86:9)
    at Async._drainQueues (C:\Users\seanl\AppData\Roaming\npm\node_modules\markbind-cli\node_modules\bluebird\js\release\async.js:102:5)
    at Immediate.Async.drainQueues [as _onImmediate] (C:\Users\seanl\AppData\Roaming\npm\node_modules\markbind-cli\node_modules\bluebird\js\release\async.js:15:14)
    at processImmediate (internal/timers.js:439:21)
2019-12-27T08:59:22.107Z - error:  Error: EPERM: operation not permitted, open 'C:\Users\seanl\Desktop\website\_site\contents\topic3b.html'
2019-12-27T08:59:22.123Z - error:  Error: EPERM: operation not permitted, mkdir 'C:\Users\seanl\Desktop\website\_site\contents\weeks'
2019-12-27T08:59:22.419Z - warn:  Error: Error while generating C:\Users\seanl\Desktop\website\contents\topic2.md
    at C:\Users\seanl\AppData\Roaming\npm\node_modules\markbind-cli\src\Site.js:815:31
    at tryCatcher (C:\Users\seanl\AppData\Roaming\npm\node_modules\markbind-cli\node_modules\bluebird\js\release\util.js:16:23)
    at Promise._settlePromiseFromHandler (C:\Users\seanl\AppData\Roaming\npm\node_modules\markbind-cli\node_modules\bluebird\js\release\promise.js:547:31)
    at Promise._settlePromise (C:\Users\seanl\AppData\Roaming\npm\node_modules\markbind-cli\node_modules\bluebird\js\release\promise.js:604:18)
    at Promise._settlePromise0 (C:\Users\seanl\AppData\Roaming\npm\node_modules\markbind-cli\node_modules\bluebird\js\release\promise.js:649:10)
    at Promise._settlePromises (C:\Users\seanl\AppData\Roaming\npm\node_modules\markbind-cli\node_modules\bluebird\js\release\promise.js:725:18)
    at _drainQueueStep (C:\Users\seanl\AppData\Roaming\npm\node_modules\markbind-cli\node_modules\bluebird\js\release\async.js:93:12)
    at _drainQueue (C:\Users\seanl\AppData\Roaming\npm\node_modules\markbind-cli\node_modules\bluebird\js\release\async.js:86:9)
    at Async._drainQueues (C:\Users\seanl\AppData\Roaming\npm\node_modules\markbind-cli\node_modules\bluebird\js\release\async.js:102:5)
    at Immediate.Async.drainQueues [as _onImmediate] (C:\Users\seanl\AppData\Roaming\npm\node_modules\markbind-cli\node_modules\bluebird\js\release\async.js:15:14)
    at processImmediate (internal/timers.js:439:21)
2019-12-27T08:59:22.429Z - error: Error while generating C:\Users\seanl\Desktop\website\contents\topic2.md
2019-12-27T08:59:22.430Z - warn: Rebuilding all source files
2019-12-27T08:59:23.440Z - info: Assets removed
2019-12-27T08:59:23.442Z - info: Generating pages...
2019-12-27T08:59:23.560Z - info: Pages built
2019-12-27T08:59:23.561Z - error: Error while generating C:\Users\seanl\Desktop\website\contents\topic2.md
2019-12-27T08:59:34.506Z - info: [4:59:34 PM] Reload for file add: C:\Users\seanl\Desktop\website\contents\topic2.md
2019-12-27T08:59:34.508Z - warn: Rebuilding all source files
2019-12-27T08:59:35.506Z - info: [4:59:35 PM] Reload for file add: C:\Users\seanl\Desktop\website\contents\topic1.md
2019-12-27T08:59:35.515Z - info: [4:59:35 PM] Reload for file change: C:\Users\seanl\Desktop\website\contents\topic1.md
2019-12-27T08:59:35.535Z - info: Assets removed
2019-12-27T08:59:35.536Z - info: Generating pages...
2019-12-27T08:59:35.667Z - info: Pages built
2019-12-27T08:59:35.670Z - error: Error while generating C:\Users\seanl\Desktop\website\contents\topic2.md
2019-12-27T08:59:35.671Z - warn: Rebuilding all source files
2019-12-27T08:59:36.520Z - info: Rebuilding affected source files
2019-12-27T08:59:36.522Z - info: Rebuilding 0 pages
2019-12-27T08:59:36.524Z - info: Pages rebuilt
2019-12-27T08:59:36.527Z - info: Site data built
2019-12-27T08:59:36.695Z - info: Assets removed
2019-12-27T08:59:36.699Z - info: Generating pages...
2019-12-27T08:59:36.841Z - info: Pages built
2019-12-27T08:59:36.843Z - error: Error while generating C:\Users\seanl\Desktop\website\contents\topic2.md
2019-12-27T08:59:38.988Z - info: [4:59:38 PM] Reload for file deletion: C:\Users\seanl\Desktop\website\contents\topic1.md
2019-12-27T08:59:38.989Z - warn: Rebuilding all source files
2019-12-27T08:59:40.008Z - info: Assets removed
2019-12-27T08:59:40.010Z - info: Generating pages...
2019-12-27T08:59:40.110Z - info: Pages built
2019-12-27T08:59:40.113Z - error: Error while generating C:\Users\seanl\Desktop\website\contents\topic2.md
2019-12-27T08:59:40.526Z - info: [4:59:40 PM] Reload for file deletion: C:\Users\seanl\Desktop\website\contents\topic2.md
2019-12-27T08:59:40.530Z - warn: Rebuilding all source files
2019-12-27T08:59:50.473Z - info: Website generation started at 4:59:50 PM
2019-12-27T08:59:50.519Z - info: Building assets...
2019-12-27T08:59:50.550Z - info: Assets built
2019-12-27T08:59:50.552Z - info: Generating pages...
2019-12-27T08:59:50.736Z - info: Pages built
2019-12-27T08:59:50.818Z - info: Website generation complete! Total build time: 0.356s
2019-12-27T08:59:50.848Z - info: Serving "C:\Users\seanl\Desktop\website\_site" at http://127.0.0.1:8080
2019-12-27T08:59:50.850Z - info: Press CTRL+C to stop ...
2019-12-27T08:59:50.893Z - info: Site data built
2019-12-27T09:00:05.669Z - info: [5:00:05 PM] Reload for file change: C:\Users\seanl\Desktop\website\index.md
2019-12-27T09:00:06.673Z - info: Rebuilding affected source files
2019-12-27T09:00:06.675Z - info: Rebuilding 1 pages
2019-12-27T09:00:06.901Z - info: Pages rebuilt
2019-12-27T09:00:06.907Z - info: Site data built
2019-12-27T09:01:47.964Z - info: [5:01:47 PM] Reload for file add: C:\Users\seanl\Desktop\website\contents\peerlearning\peerlearning.md
2019-12-27T09:01:48.967Z - warn: Rebuilding all source files
2019-12-27T09:01:50.001Z - info: Assets removed
2019-12-27T09:01:50.002Z - info: Generating pages...
2019-12-27T09:01:50.188Z - info: Pages built
2019-12-27T09:02:01.900Z - info: [5:02:01 PM] Reload for file change: C:\Users\seanl\Desktop\website\contents\peerlearning\peerlearning.md
2019-12-27T09:02:02.903Z - info: Rebuilding affected source files
2019-12-27T09:02:02.904Z - info: Rebuilding 1 pages
2019-12-27T09:02:02.936Z - info: Pages rebuilt
2019-12-27T09:02:02.941Z - info: Site data built
2019-12-27T09:03:35.427Z - info: [5:03:35 PM] Reload for file change: C:\Users\seanl\Desktop\website\contents\peerlearning\peerlearning.md
2019-12-27T09:03:36.431Z - info: Rebuilding affected source files
2019-12-27T09:03:36.432Z - info: Rebuilding 1 pages
2019-12-27T09:03:36.459Z - info: Pages rebuilt
2019-12-27T09:03:36.462Z - info: Site data built
2019-12-27T09:04:16.243Z - info: [5:04:16 PM] Reload for file change: C:\Users\seanl\Desktop\website\_markbind\headers\header.md
2019-12-27T09:04:17.247Z - info: Rebuilding affected source files
2019-12-27T09:04:17.249Z - info: Rebuilding 5 pages
2019-12-27T09:04:17.478Z - info: Pages rebuilt
2019-12-27T09:04:17.484Z - info: Site data built
2019-12-27T09:04:21.372Z - info: [5:04:21 PM] Reload for file change: C:\Users\seanl\Desktop\website\_markbind\headers\header.md
2019-12-27T09:04:22.379Z - info: Rebuilding affected source files
2019-12-27T09:04:22.381Z - info: Rebuilding 5 pages
2019-12-27T09:04:22.552Z - info: Pages rebuilt
2019-12-27T09:04:22.557Z - info: Site data built
2019-12-27T09:04:32.313Z - info: [5:04:32 PM] Reload for file change: C:\Users\seanl\Desktop\website\contents\peerlearning\peerlearning.md
2019-12-27T09:04:33.319Z - info: Rebuilding affected source files
2019-12-27T09:04:33.320Z - info: Rebuilding 1 pages
2019-12-27T09:04:33.387Z - info: Pages rebuilt
2019-12-27T09:04:33.395Z - info: Site data built
2019-12-27T09:04:35.960Z - info: [5:04:35 PM] Reload for file change: C:\Users\seanl\Desktop\website\contents\peerlearning\peerlearning.md
2019-12-27T09:04:36.965Z - info: Rebuilding affected source files
2019-12-27T09:04:36.966Z - info: Rebuilding 1 pages
2019-12-27T09:04:37.000Z - info: Pages rebuilt
2019-12-27T09:04:37.004Z - info: Site data built
2019-12-27T09:05:11.355Z - info: [5:05:11 PM] Reload for file change: C:\Users\seanl\Desktop\website\contents\peerlearning\peerlearning.md
2019-12-27T09:05:12.359Z - info: Rebuilding affected source files
2019-12-27T09:05:12.361Z - info: Rebuilding 1 pages
2019-12-27T09:05:12.411Z - info: Pages rebuilt
2019-12-27T09:05:12.418Z - info: Site data built
2019-12-27T09:05:12.624Z - info: [5:05:12 PM] Reload for file change: C:\Users\seanl\Desktop\website\contents\peerlearning\peerlearning.md
2019-12-27T09:05:13.630Z - info: Rebuilding affected source files
2019-12-27T09:05:13.632Z - info: Rebuilding 1 pages
2019-12-27T09:05:13.687Z - info: Pages rebuilt
2019-12-27T09:05:13.695Z - info: Site data built
2019-12-27T09:06:10.587Z - info: [5:06:10 PM] Reload for file change: C:\Users\seanl\Desktop\website\contents\peerlearning\peerlearning.md
2019-12-27T09:06:11.591Z - info: Rebuilding affected source files
2019-12-27T09:06:11.592Z - info: Rebuilding 1 pages
2019-12-27T09:06:11.622Z - info: Pages rebuilt
2019-12-27T09:06:11.625Z - info: Site data built
2019-12-27T09:06:15.443Z - info: [5:06:15 PM] Reload for file change: C:\Users\seanl\Desktop\website\contents\peerlearning\peerlearning.md
2019-12-27T09:06:16.446Z - info: Rebuilding affected source files
2019-12-27T09:06:16.447Z - info: Rebuilding 1 pages
2019-12-27T09:06:16.485Z - info: Pages rebuilt
2019-12-27T09:06:16.493Z - info: Site data built
2019-12-27T09:06:52.572Z - info: [5:06:52 PM] Reload for file change: C:\Users\seanl\Desktop\website\_markbind\headers\header.md
2019-12-27T09:06:53.574Z - info: Rebuilding affected source files
2019-12-27T09:06:53.576Z - info: Rebuilding 5 pages
2019-12-27T09:06:53.730Z - info: Pages rebuilt
2019-12-27T09:06:53.734Z - info: Site data built
2019-12-27T09:07:49.792Z - info: [5:07:49 PM] Reload for file change: C:\Users\seanl\Desktop\website\_markbind\headers\header.md
2019-12-27T09:07:50.796Z - info: Rebuilding affected source files
2019-12-27T09:07:50.798Z - info: Rebuilding 5 pages
2019-12-27T09:07:50.938Z - info: Pages rebuilt
2019-12-27T09:07:50.942Z - info: Site data built
2019-12-27T09:07:56.678Z - info: [5:07:56 PM] Reload for file change: C:\Users\seanl\Desktop\website\_markbind\headers\header.md
2019-12-27T09:07:57.686Z - info: Rebuilding affected source files
2019-12-27T09:07:57.710Z - info: Rebuilding 5 pages
2019-12-27T09:07:58.017Z - info: Pages rebuilt
2019-12-27T09:07:58.022Z - info: Site data built
2019-12-27T09:08:15.806Z - info: [5:08:15 PM] Reload for file change: C:\Users\seanl\Desktop\website\_markbind\headers\header.md
2019-12-27T09:08:16.810Z - info: Rebuilding affected source files
2019-12-27T09:08:16.812Z - info: Rebuilding 5 pages
2019-12-27T09:08:16.958Z - info: Pages rebuilt
2019-12-27T09:08:16.962Z - info: Site data built
2019-12-27T09:08:37.400Z - info: [5:08:37 PM] Reload for file change: C:\Users\seanl\Desktop\website\_markbind\headers\header.md
2019-12-27T09:08:38.403Z - info: Rebuilding affected source files
2019-12-27T09:08:38.409Z - info: Rebuilding 5 pages
2019-12-27T09:08:38.628Z - info: Pages rebuilt
2019-12-27T09:08:38.635Z - info: Site data built
2019-12-27T09:08:50.627Z - info: [5:08:50 PM] Reload for file change: C:\Users\seanl\Desktop\website\_markbind\headers\header.md
2019-12-27T09:08:51.633Z - info: Rebuilding affected source files
2019-12-27T09:08:51.634Z - info: Rebuilding 5 pages
2019-12-27T09:08:51.887Z - info: Pages rebuilt
2019-12-27T09:08:51.894Z - info: Site data built
2019-12-27T09:09:44.500Z - info: [5:09:44 PM] Reload for file change: C:\Users\seanl\Desktop\website\_markbind\headers\header.md
2019-12-27T09:09:45.501Z - info: Rebuilding affected source files
2019-12-27T09:09:45.504Z - info: Rebuilding 5 pages
2019-12-27T09:09:45.673Z - info: Pages rebuilt
2019-12-27T09:09:45.677Z - info: Site data built
2019-12-27T09:12:42.846Z - info: [5:12:42 PM] Reload for file change: C:\Users\seanl\Desktop\website\contents\peerlearning\peerlearning.md
2019-12-27T09:12:43.849Z - info: Rebuilding affected source files
2019-12-27T09:12:43.850Z - info: Rebuilding 1 pages
2019-12-27T09:12:43.879Z - info: Pages rebuilt
2019-12-27T09:12:43.882Z - info: Site data built
2019-12-27T09:15:05.902Z - info: [5:15:05 PM] Reload for file change: C:\Users\seanl\Desktop\website\contents\peerlearning\peerlearning.md
2019-12-27T09:15:06.906Z - info: Rebuilding affected source files
2019-12-27T09:15:06.907Z - info: Rebuilding 1 pages
2019-12-27T09:15:06.953Z - info: Pages rebuilt
2019-12-27T09:15:06.959Z - info: Site data built
2019-12-27T09:15:12.565Z - info: [5:15:12 PM] Reload for file change: C:\Users\seanl\Desktop\website\contents\peerlearning\peerlearning.md
2019-12-27T09:15:13.567Z - info: Rebuilding affected source files
2019-12-27T09:15:13.568Z - info: Rebuilding 1 pages
2019-12-27T09:15:13.601Z - info: Pages rebuilt
2019-12-27T09:15:13.609Z - info: Site data built
2019-12-27T09:17:34.132Z - info: [5:17:34 PM] Reload for file change: C:\Users\seanl\Desktop\website\index.md
2019-12-27T09:17:35.135Z - info: Rebuilding affected source files
2019-12-27T09:17:35.136Z - info: Rebuilding 1 pages
2019-12-27T09:17:35.224Z - info: Pages rebuilt
2019-12-27T09:17:35.227Z - info: Site data built
2019-12-27T09:17:56.207Z - info: [5:17:56 PM] Reload for file change: C:\Users\seanl\Desktop\website\index.md
2019-12-27T09:17:57.212Z - info: Rebuilding affected source files
2019-12-27T09:17:57.213Z - info: Rebuilding 1 pages
2019-12-27T09:17:57.328Z - info: Pages rebuilt
2019-12-27T09:17:57.333Z - info: Site data built
2019-12-27T09:18:06.442Z - info: [5:18:06 PM] Reload for file change: C:\Users\seanl\Desktop\website\index.md
2019-12-27T09:18:07.442Z - info: Rebuilding affected source files
2019-12-27T09:18:07.443Z - info: Rebuilding 1 pages
2019-12-27T09:18:07.539Z - info: Pages rebuilt
2019-12-27T09:18:07.545Z - info: Site data built
2019-12-27T09:18:18.260Z - info: [5:18:18 PM] Reload for file change: C:\Users\seanl\Desktop\website\index.md
2019-12-27T09:18:19.265Z - info: Rebuilding affected source files
2019-12-27T09:18:19.266Z - info: Rebuilding 1 pages
2019-12-27T09:18:19.358Z - info: Pages rebuilt
2019-12-27T09:18:19.363Z - info: Site data built
2019-12-27T09:18:54.200Z - info: [5:18:54 PM] Reload for file change: C:\Users\seanl\Desktop\website\index.md
2019-12-27T09:18:55.204Z - info: Rebuilding affected source files
2019-12-27T09:18:55.208Z - info: Rebuilding 1 pages
2019-12-27T09:18:55.277Z - info: Pages rebuilt
2019-12-27T09:18:55.284Z - info: Site data built
2019-12-27T09:19:05.627Z - info: [5:19:05 PM] Reload for file change: C:\Users\seanl\Desktop\website\contents\peerlearning\peerlearning.md
2019-12-27T09:19:06.630Z - info: Rebuilding affected source files
2019-12-27T09:19:06.631Z - info: Rebuilding 1 pages
2019-12-27T09:19:06.673Z - info: Pages rebuilt
2019-12-27T09:19:06.678Z - info: Site data built
2019-12-27T09:19:11.216Z - info: [5:19:11 PM] Reload for file deletion: C:\Users\seanl\Desktop\website\contents\topic3a.md
2019-12-27T09:19:12.219Z - warn: Rebuilding all source files
2019-12-27T09:19:12.720Z - info: [5:19:12 PM] Reload for file deletion: C:\Users\seanl\Desktop\website\contents\topic3b.md
2019-12-27T09:19:13.292Z - info: Assets removed
2019-12-27T09:19:13.294Z - info: Generating pages...
2019-12-27T09:19:13.303Z - error:  Error: ENOENT: no such file or directory, open 'C:\Users\seanl\Desktop\website\contents\topic3b.md'
2019-12-27T09:19:13.306Z - warn:  Error: Error while generating C:\Users\seanl\Desktop\website\contents\topic3b.md
    at C:\Users\seanl\AppData\Roaming\npm\node_modules\markbind-cli\src\Site.js:815:31
    at tryCatcher (C:\Users\seanl\AppData\Roaming\npm\node_modules\markbind-cli\node_modules\bluebird\js\release\util.js:16:23)
    at Promise._settlePromiseFromHandler (C:\Users\seanl\AppData\Roaming\npm\node_modules\markbind-cli\node_modules\bluebird\js\release\promise.js:547:31)
    at Promise._settlePromise (C:\Users\seanl\AppData\Roaming\npm\node_modules\markbind-cli\node_modules\bluebird\js\release\promise.js:604:18)
    at Promise._settlePromise0 (C:\Users\seanl\AppData\Roaming\npm\node_modules\markbind-cli\node_modules\bluebird\js\release\promise.js:649:10)
    at Promise._settlePromises (C:\Users\seanl\AppData\Roaming\npm\node_modules\markbind-cli\node_modules\bluebird\js\release\promise.js:725:18)
    at _drainQueueStep (C:\Users\seanl\AppData\Roaming\npm\node_modules\markbind-cli\node_modules\bluebird\js\release\async.js:93:12)
    at _drainQueue (C:\Users\seanl\AppData\Roaming\npm\node_modules\markbind-cli\node_modules\bluebird\js\release\async.js:86:9)
    at Async._drainQueues (C:\Users\seanl\AppData\Roaming\npm\node_modules\markbind-cli\node_modules\bluebird\js\release\async.js:102:5)
    at Immediate.Async.drainQueues [as _onImmediate] (C:\Users\seanl\AppData\Roaming\npm\node_modules\markbind-cli\node_modules\bluebird\js\release\async.js:15:14)
    at processImmediate (internal/timers.js:439:21)
2019-12-27T09:19:13.466Z - error:  Error: EPERM: operation not permitted, mkdir 'C:\Users\seanl\Desktop\website\_site\_site\markbind\layouts\default'
2019-12-27T09:19:13.761Z - warn:  Error: Error while generating C:\Users\seanl\Desktop\website\contents\topic3b.md
    at C:\Users\seanl\AppData\Roaming\npm\node_modules\markbind-cli\src\Site.js:815:31
    at tryCatcher (C:\Users\seanl\AppData\Roaming\npm\node_modules\markbind-cli\node_modules\bluebird\js\release\util.js:16:23)
    at Promise._settlePromiseFromHandler (C:\Users\seanl\AppData\Roaming\npm\node_modules\markbind-cli\node_modules\bluebird\js\release\promise.js:547:31)
    at Promise._settlePromise (C:\Users\seanl\AppData\Roaming\npm\node_modules\markbind-cli\node_modules\bluebird\js\release\promise.js:604:18)
    at Promise._settlePromise0 (C:\Users\seanl\AppData\Roaming\npm\node_modules\markbind-cli\node_modules\bluebird\js\release\promise.js:649:10)
    at Promise._settlePromises (C:\Users\seanl\AppData\Roaming\npm\node_modules\markbind-cli\node_modules\bluebird\js\release\promise.js:725:18)
    at _drainQueueStep (C:\Users\seanl\AppData\Roaming\npm\node_modules\markbind-cli\node_modules\bluebird\js\release\async.js:93:12)
    at _drainQueue (C:\Users\seanl\AppData\Roaming\npm\node_modules\markbind-cli\node_modules\bluebird\js\release\async.js:86:9)
    at Async._drainQueues (C:\Users\seanl\AppData\Roaming\npm\node_modules\markbind-cli\node_modules\bluebird\js\release\async.js:102:5)
    at Immediate.Async.drainQueues [as _onImmediate] (C:\Users\seanl\AppData\Roaming\npm\node_modules\markbind-cli\node_modules\bluebird\js\release\async.js:15:14)
    at processImmediate (internal/timers.js:439:21)
2019-12-27T09:19:13.780Z - error: Error while generating C:\Users\seanl\Desktop\website\contents\topic3b.md
2019-12-27T09:19:13.781Z - warn: Rebuilding all source files
2019-12-27T09:19:14.796Z - info: Assets removed
2019-12-27T09:19:14.797Z - info: Generating pages...
2019-12-27T09:19:14.949Z - info: Pages built
2019-12-27T09:19:14.950Z - error: Error while generating C:\Users\seanl\Desktop\website\contents\topic3b.md
2019-12-27T09:19:16.968Z - info: [5:19:16 PM] Reload for file change: C:\Users\seanl\Desktop\website\contents\weeks\week1.md
2019-12-27T09:19:17.971Z - info: Rebuilding affected source files
2019-12-27T09:19:17.972Z - info: Rebuilding 1 pages
2019-12-27T09:19:18.002Z - info: Pages rebuilt
2019-12-27T09:19:18.004Z - info: Site data built
2019-12-27T09:19:26.047Z - info: Website generation started at 5:19:26 PM
2019-12-27T09:19:26.098Z - info: Building assets...
2019-12-27T09:19:26.132Z - info: Assets built
2019-12-27T09:19:26.133Z - info: Generating pages...
2019-12-27T09:19:26.330Z - info: Pages built
2019-12-27T09:19:26.402Z - info: Website generation complete! Total build time: 0.366s
2019-12-27T09:19:26.434Z - info: Serving "C:\Users\seanl\Desktop\website\_site" at http://127.0.0.1:8080
2019-12-27T09:19:26.435Z - info: Press CTRL+C to stop ...
2019-12-27T09:19:26.479Z - info: Site data built
2019-12-27T09:20:50.023Z - info: [5:20:50 PM] Reload for file change: C:\Users\seanl\Desktop\website\_markbind\headers\header.md
2019-12-27T09:20:51.024Z - info: Rebuilding affected source files
2019-12-27T09:20:51.026Z - info: Rebuilding 3 pages
2019-12-27T09:20:51.129Z - info: Pages rebuilt
2019-12-27T09:20:51.132Z - info: Site data built
2019-12-27T09:21:11.940Z - info: [5:21:11 PM] Reload for file change: C:\Users\seanl\Desktop\website\_markbind\headers\header.md
2019-12-27T09:21:12.946Z - info: Rebuilding affected source files
2019-12-27T09:21:12.948Z - info: Rebuilding 3 pages
2019-12-27T09:21:13.092Z - info: Pages rebuilt
2019-12-27T09:21:13.099Z - info: Site data built
2019-12-27T09:21:23.578Z - info: [5:21:23 PM] Reload for file change: C:\Users\seanl\Desktop\website\_markbind\headers\header.md
2019-12-27T09:21:24.582Z - info: Rebuilding affected source files
2019-12-27T09:21:24.583Z - info: Rebuilding 3 pages
2019-12-27T09:21:24.682Z - info: Pages rebuilt
2019-12-27T09:21:24.686Z - info: Site data built
2019-12-27T09:21:32.676Z - info: [5:21:32 PM] Reload for file change: C:\Users\seanl\Desktop\website\_markbind\headers\header.md
2019-12-27T09:21:33.680Z - info: Rebuilding affected source files
2019-12-27T09:21:33.681Z - info: Rebuilding 3 pages
2019-12-27T09:21:33.781Z - info: Pages rebuilt
2019-12-27T09:21:33.785Z - info: Site data built
2019-12-27T09:22:11.706Z - info: [5:22:11 PM] Reload for file change: C:\Users\seanl\Desktop\website\_markbind\headers\header.md
2019-12-27T09:22:12.708Z - info: Rebuilding affected source files
2019-12-27T09:22:12.710Z - info: Rebuilding 3 pages
2019-12-27T09:22:12.802Z - info: Pages rebuilt
2019-12-27T09:22:12.808Z - info: Site data built
2019-12-27T09:22:18.022Z - info: Website generation started at 5:22:17 PM
2019-12-27T09:22:18.067Z - info: Building assets...
2019-12-27T09:22:18.095Z - info: Assets built
2019-12-27T09:22:18.096Z - info: Generating pages...
2019-12-27T09:22:18.258Z - info: Pages built
2019-12-27T09:22:18.319Z - info: Website generation complete! Total build time: 0.337s
2019-12-27T09:22:18.344Z - info: Serving "C:\Users\seanl\Desktop\website\_site" at http://127.0.0.1:8080
2019-12-27T09:22:18.345Z - info: Press CTRL+C to stop ...
2019-12-27T09:22:18.388Z - info: Site data built
2019-12-27T09:22:55.177Z - info: [5:22:55 PM] Reload for file change: C:\Users\seanl\Desktop\website\_markbind\headers\header.md
2019-12-27T09:22:56.181Z - info: Rebuilding affected source files
2019-12-27T09:22:56.183Z - info: Rebuilding 3 pages
2019-12-27T09:22:56.384Z - info: Pages rebuilt
2019-12-27T09:22:56.392Z - info: Site data built
2019-12-27T09:23:01.790Z - info: Website generation started at 5:23:01 PM
2019-12-27T09:23:01.850Z - info: Building assets...
2019-12-27T09:23:01.882Z - info: Assets built
2019-12-27T09:23:01.883Z - info: Generating pages...
2019-12-27T09:23:02.130Z - info: Pages built
2019-12-27T09:23:02.221Z - info: Website generation complete! Total build time: 0.472s
2019-12-27T09:23:02.270Z - info: Serving "C:\Users\seanl\Desktop\website\_site" at http://127.0.0.1:8080
2019-12-27T09:23:02.271Z - info: Press CTRL+C to stop ...
2019-12-27T09:23:02.324Z - info: Site data built
2019-12-27T09:23:15.974Z - info: [5:23:15 PM] Reload for file change: C:\Users\seanl\Desktop\website\_markbind\headers\header.md
2019-12-27T09:23:16.979Z - info: Rebuilding affected source files
2019-12-27T09:23:16.982Z - info: Rebuilding 3 pages
2019-12-27T09:23:17.146Z - info: Pages rebuilt
2019-12-27T09:23:17.155Z - info: Site data built
2019-12-27T09:23:31.815Z - info: [5:23:31 PM] Reload for file change: C:\Users\seanl\Desktop\website\_markbind\headers\header.md
2019-12-27T09:23:32.818Z - info: Rebuilding affected source files
2019-12-27T09:23:32.819Z - info: Rebuilding 3 pages
2019-12-27T09:23:32.932Z - info: Pages rebuilt
2019-12-27T09:23:32.936Z - info: Site data built
2019-12-27T09:23:53.307Z - info: [5:23:53 PM] Reload for file change: C:\Users\seanl\Desktop\website\_markbind\headers\header.md
2019-12-27T09:23:54.316Z - info: Rebuilding affected source files
2019-12-27T09:23:54.318Z - info: Rebuilding 3 pages
2019-12-27T09:23:54.537Z - info: Pages rebuilt
2019-12-27T09:23:54.544Z - info: Site data built
2019-12-27T09:26:32.992Z - info: [5:26:32 PM] Reload for file change: C:\Users\seanl\Desktop\website\site.json
2019-12-27T09:26:33.995Z - info: Assets built
2019-12-27T09:26:55.019Z - error: ENOTEMPTY: directory not empty, rmdir 'C:\Users\seanl\Desktop\website\_site\contents'
2019-12-27T09:27:19.175Z - info: Website generation started at 5:27:19 PM
2019-12-27T09:27:19.212Z - info: Building assets...
2019-12-27T09:27:19.231Z - info: Assets built
2019-12-27T09:27:19.232Z - info: Generating pages...
2019-12-27T09:27:19.357Z - info: Pages built
2019-12-27T09:27:19.398Z - info: Website generation complete! Total build time: 0.244s
2019-12-27T09:27:19.419Z - info: Serving "C:\Users\seanl\Desktop\website\_site" at http://127.0.0.1:8080
2019-12-27T09:27:19.420Z - info: Press CTRL+C to stop ...
2019-12-27T09:27:19.445Z - info: Site data built
2019-12-27T09:44:24.777Z - info: Website generation started at 5:44:24 PM
2019-12-27T09:44:24.828Z - info: Building assets...
2019-12-27T09:44:24.858Z - info: Assets built
2019-12-27T09:44:24.859Z - info: Generating pages...
2019-12-27T09:44:24.993Z - info: Pages built
2019-12-27T09:44:25.036Z - info: Website generation complete! Total build time: 0.287s
2019-12-27T09:44:25.055Z - info: Serving "C:\Users\seanl\Documents\GitHub\website\_site" at http://127.0.0.1:8080
2019-12-27T09:44:25.056Z - info: Press CTRL+C to stop ...
2019-12-27T09:44:25.089Z - info: Site data built
2019-12-27T09:47:03.441Z - info: Website generation started at 5:47:03 PM
2019-12-27T09:47:03.539Z - info: Building assets...
2019-12-27T09:47:03.616Z - info: Assets built
2019-12-27T09:47:03.616Z - info: Generating pages...
2019-12-27T09:47:03.746Z - info: Pages built
2019-12-27T09:47:03.787Z - info: Website generation complete! Total build time: 0.376s
2019-12-27T09:47:03.788Z - info: Build success!
2019-12-27T09:47:03.789Z - info: Site data built
2019-12-27T09:47:22.972Z - info: Deployed!
2019-12-27T10:25:25.683Z - info: Website generation started at 6:25:25 PM
2019-12-27T10:25:25.733Z - info: Building assets...
2019-12-27T10:25:25.764Z - info: Assets built
2019-12-27T10:25:25.765Z - info: Generating pages...
2019-12-27T10:25:25.904Z - info: Pages built
2019-12-27T10:25:25.979Z - info: Website generation complete! Total build time: 0.323s
2019-12-27T10:25:25.999Z - info: Serving "C:\Users\seanl\Documents\GitHub\ay1920-s2\_site" at http://127.0.0.1:8080
2019-12-27T10:25:26.000Z - info: Press CTRL+C to stop ...
2019-12-27T10:25:26.023Z - info: Site data built
2019-12-27T10:26:46.254Z - info: Website generation started at 6:26:46 PM
2019-12-27T10:26:46.304Z - info: Building assets...
2019-12-27T10:26:46.337Z - info: Assets built
2019-12-27T10:26:46.338Z - info: Generating pages...
2019-12-27T10:26:46.476Z - info: Pages built
2019-12-27T10:26:46.522Z - info: Website generation complete! Total build time: 0.301s
2019-12-27T10:26:46.543Z - info: Serving "C:\Users\seanl\Documents\GitHub\ay1920-s2\_site" at http://127.0.0.1:8080
2019-12-27T10:26:46.544Z - info: Press CTRL+C to stop ...
2019-12-27T10:26:46.571Z - info: Site data built
2019-12-27T10:27:23.689Z - info: [6:27:23 PM] Reload for file change: C:\Users\seanl\Documents\GitHub\ay1920-s2\_markbind\headers\header.md
2019-12-27T10:27:24.695Z - info: Rebuilding affected source files
2019-12-27T10:27:24.696Z - info: Rebuilding 3 pages
2019-12-27T10:27:24.800Z - info: Pages rebuilt
2019-12-27T10:27:24.803Z - info: Site data built
