2020-01-08T01:19:54.407Z - info: Website generation started at 9:19:54 AM
2020-01-08T01:19:55.724Z - info: Building assets...
2020-01-08T01:19:56.284Z - info: Assets built
2020-01-08T01:19:56.285Z - info: Generating pages...
2020-01-08T01:20:02.371Z - info: Pages built
2020-01-08T01:20:03.009Z - info: Website generation complete! Total build time: 8.961s
2020-01-08T01:20:03.040Z - info: Serving "C:\Users\seanl\Documents\GitHub\ay1920-s2\_site" at http://127.0.0.1:8080
2020-01-08T01:20:03.040Z - info: Press CTRL+C to stop ...
2020-01-08T01:20:03.074Z - info: Site data built
2020-01-08T01:20:21.506Z - info: [9:20:21 AM] Reload for file change: C:\Users\seanl\Documents\GitHub\ay1920-s2\_markbind\headers\header.md
2020-01-08T01:20:22.508Z - info: Rebuilding affected source files
2020-01-08T01:20:22.520Z - info: Rebuilding 78 pages
2020-01-08T01:20:25.230Z - info: Pages rebuilt
2020-01-08T01:20:25.265Z - info: Site data built
2020-01-08T01:20:39.413Z - info: [9:20:39 AM] Reload for file change: C:\Users\seanl\Documents\GitHub\ay1920-s2\_markbind\headers\header.md
2020-01-08T01:20:40.416Z - info: Rebuilding affected source files
2020-01-08T01:20:40.428Z - info: Rebuilding 78 pages
2020-01-08T01:20:42.900Z - info: Pages rebuilt
2020-01-08T01:20:42.912Z - info: Site data built
2020-01-08T01:21:13.454Z - info: [9:21:13 AM] Reload for file change: C:\Users\seanl\Documents\GitHub\ay1920-s2\_markbind\headers\header.md
2020-01-08T01:21:14.457Z - info: Rebuilding affected source files
2020-01-08T01:21:14.468Z - info: Rebuilding 78 pages
2020-01-08T01:21:15.447Z - info: [9:21:15 AM] Reload for file change: C:\Users\seanl\Documents\GitHub\ay1920-s2\_markbind\headers\header.md
2020-01-08T01:21:17.332Z - info: Pages rebuilt
2020-01-08T01:21:17.348Z - info: Site data built
2020-01-08T01:21:17.454Z - info: Rebuilding affected source files
2020-01-08T01:21:17.471Z - info: Rebuilding 78 pages
2020-01-08T01:21:20.146Z - info: Pages rebuilt
2020-01-08T01:21:20.182Z - info: Site data built
2020-01-08T01:21:28.903Z - info: [9:21:28 AM] Reload for file change: C:\Users\seanl\Documents\GitHub\ay1920-s2\_markbind\headers\header.md
2020-01-08T01:21:29.905Z - info: Rebuilding affected source files
2020-01-08T01:21:29.914Z - info: Rebuilding 78 pages
2020-01-08T01:21:32.133Z - info: Pages rebuilt
2020-01-08T01:21:32.199Z - info: Site data built
2020-01-08T02:16:16.521Z - info: Website generation started at 10:16:16 AM
2020-01-08T02:16:18.112Z - info: Building assets...
2020-01-08T02:16:18.656Z - info: Assets built
2020-01-08T02:16:18.656Z - info: Generating pages...
2020-01-08T02:16:22.784Z - info: Pages built
2020-01-08T02:16:23.580Z - info: Website generation complete! Total build time: 7.348s
2020-01-08T02:16:23.623Z - info: Serving "C:\Users\seanl\Documents\GitHub\ay1920-s2\_site" at http://127.0.0.1:8080
2020-01-08T02:16:23.623Z - info: Press CTRL+C to stop ...
2020-01-08T02:16:23.686Z - info: Site data built
2020-01-08T03:43:49.400Z - info: Website generation started at 11:43:49 AM
2020-01-08T03:43:50.987Z - info: Building assets...
2020-01-08T03:43:51.562Z - info: Assets built
2020-01-08T03:43:51.563Z - info: Generating pages...
2020-01-08T03:43:56.115Z - info: Pages built
2020-01-08T03:43:56.705Z - info: Website generation complete! Total build time: 7.525s
2020-01-08T03:43:56.736Z - info: Serving "C:\Users\seanl\Documents\GitHub\ay1920-s2\_site" at http://127.0.0.1:8080
2020-01-08T03:43:56.736Z - info: Press CTRL+C to stop ...
2020-01-08T03:43:56.783Z - info: Site data built
2020-01-08T03:44:14.617Z - info: [11:44:14 AM] Reload for file change: C:\Users\seanl\Documents\GitHub\ay1920-s2\_markbind\headers\header.md
2020-01-08T03:44:15.622Z - info: Rebuilding affected source files
2020-01-08T03:44:15.640Z - info: Rebuilding 78 pages
2020-01-08T03:44:20.046Z - info: Pages rebuilt
2020-01-08T03:44:20.076Z - info: Site data built
2020-01-08T04:51:45.489Z - info: Website generation started at 12:51:44 PM
2020-01-08T04:51:47.623Z - info: Building assets...
2020-01-08T04:51:48.518Z - info: Assets built
2020-01-08T04:51:48.520Z - info: Generating pages...
2020-01-08T04:51:59.194Z - info: Pages built
2020-01-08T04:52:00.825Z - info: Website generation complete! Total build time: 16.069s
2020-01-08T04:52:00.885Z - info: Serving "C:\Users\seanl\Documents\GitHub\ay1920-s2\_site" at http://127.0.0.1:8080
2020-01-08T04:52:00.886Z - info: Press CTRL+C to stop ...
2020-01-08T04:52:00.984Z - info: Site data built
2020-01-08T05:00:53.961Z - info: [1:00:53 PM] Reload for file change: C:\Users\seanl\Documents\GitHub\ay1920-s2\contents\guides\settingUpMacVim.md
2020-01-08T05:00:54.965Z - info: Rebuilding affected source files
2020-01-08T05:00:54.969Z - info: Rebuilding 1 pages
2020-01-08T05:00:55.184Z - info: Pages rebuilt
2020-01-08T05:00:55.190Z - info: Site data built
2020-01-08T05:01:13.285Z - info: [1:01:13 PM] Reload for file change: C:\Users\seanl\Documents\GitHub\ay1920-s2\contents\peerlearning\textbook.md
2020-01-08T05:01:14.288Z - info: Rebuilding affected source files
2020-01-08T05:01:14.303Z - info: Rebuilding 1 pages
2020-01-08T05:01:14.501Z - info: Pages rebuilt
2020-01-08T05:01:14.516Z - info: Site data built
