2019-12-29T14:21:15.906Z - info: Website generation started at 10:21:15 PM
2019-12-29T14:21:16.285Z - info: Building assets...
2019-12-29T14:21:16.513Z - info: Assets built
2019-12-29T14:21:16.513Z - info: Generating pages...
2019-12-29T14:21:18.168Z - info: Pages built
2019-12-29T14:21:18.704Z - info: Website generation complete! Total build time: 2.881s
2019-12-29T14:21:18.732Z - info: Serving "C:\Users\seanl\Documents\GitHub\ay1920-s2\_site" at http://127.0.0.1:8080
2019-12-29T14:21:18.732Z - info: Press CTRL+C to stop ...
2019-12-29T14:21:18.762Z - info: Site data built
2019-12-29T14:21:38.842Z - info: [10:21:38 PM] Reload for file change: C:\Users\seanl\Documents\GitHub\ay1920-s2\contents\textbook\textbookTopics.md
2019-12-29T14:21:39.847Z - info: Rebuilding affected source files
2019-12-29T14:21:39.849Z - info: Rebuilding 1 pages
2019-12-29T14:21:40.130Z - info: Pages rebuilt
2019-12-29T14:21:40.134Z - info: Site data built
2019-12-29T14:21:50.527Z - info: [10:21:50 PM] Reload for file change: C:\Users\seanl\Documents\GitHub\ay1920-s2\contents\textbook\textbookTopics.md
2019-12-29T14:21:51.528Z - info: Rebuilding affected source files
2019-12-29T14:21:51.529Z - info: Rebuilding 1 pages
2019-12-29T14:21:51.708Z - info: Pages rebuilt
2019-12-29T14:21:51.711Z - info: Site data built
2019-12-29T14:22:11.526Z - info: [10:22:11 PM] Reload for file change: C:\Users\seanl\Documents\GitHub\ay1920-s2\contents\textbook\textbookTopics.md
2019-12-29T14:22:12.529Z - info: Rebuilding affected source files
2019-12-29T14:22:12.530Z - info: Rebuilding 1 pages
2019-12-29T14:22:12.704Z - info: Pages rebuilt
2019-12-29T14:22:12.709Z - info: Site data built
2019-12-29T14:22:59.754Z - info: [10:22:59 PM] Reload for file change: C:\Users\seanl\Documents\GitHub\ay1920-s2\contents\textbook\textbookTopics.md
2019-12-29T14:23:00.756Z - info: Rebuilding affected source files
2019-12-29T14:23:00.758Z - info: Rebuilding 1 pages
2019-12-29T14:23:00.932Z - info: Pages rebuilt
2019-12-29T14:23:00.935Z - info: Site data built
2019-12-29T14:23:20.657Z - info: [10:23:20 PM] Reload for file change: C:\Users\seanl\Documents\GitHub\ay1920-s2\contents\textbook\textbookTopics.md
2019-12-29T14:23:21.661Z - info: Rebuilding affected source files
2019-12-29T14:23:21.662Z - info: Rebuilding 1 pages
2019-12-29T14:23:21.857Z - info: Pages rebuilt
2019-12-29T14:23:21.861Z - info: Site data built
2019-12-29T14:23:43.223Z - info: [10:23:43 PM] Reload for file change: C:\Users\seanl\Documents\GitHub\ay1920-s2\contents\textbook\textbookTopics.md
2019-12-29T14:23:44.227Z - info: Rebuilding affected source files
2019-12-29T14:23:44.228Z - info: Rebuilding 1 pages
2019-12-29T14:23:44.392Z - info: Pages rebuilt
2019-12-29T14:23:44.395Z - info: Site data built
2019-12-29T14:24:05.549Z - info: [10:24:05 PM] Reload for file change: C:\Users\seanl\Documents\GitHub\ay1920-s2\contents\textbook\textbookTopics.md
2019-12-29T14:24:06.553Z - info: Rebuilding affected source files
2019-12-29T14:24:06.553Z - info: Rebuilding 1 pages
2019-12-29T14:24:06.705Z - info: Pages rebuilt
2019-12-29T14:24:06.708Z - info: Site data built
2019-12-29T14:24:13.338Z - info: [10:24:13 PM] Reload for file change: C:\Users\seanl\Documents\GitHub\ay1920-s2\contents\textbook\textbookTopics.md
2019-12-29T14:24:14.342Z - info: Rebuilding affected source files
2019-12-29T14:24:14.343Z - info: Rebuilding 1 pages
2019-12-29T14:24:14.497Z - info: Pages rebuilt
2019-12-29T14:24:14.501Z - info: Site data built
2019-12-29T14:25:06.005Z - info: [10:25:06 PM] Reload for file change: C:\Users\seanl\Documents\GitHub\ay1920-s2\contents\textbook\textbookTopics.md
2019-12-29T14:25:07.008Z - info: Rebuilding affected source files
2019-12-29T14:25:07.009Z - info: Rebuilding 1 pages
2019-12-29T14:25:07.354Z - info: Pages rebuilt
2019-12-29T14:25:07.359Z - info: Site data built
2019-12-29T14:25:08.823Z - info: [10:25:08 PM] Reload for file change: C:\Users\seanl\Documents\GitHub\ay1920-s2\contents\textbook\textbookTopics.md
2019-12-29T14:25:09.825Z - info: Rebuilding affected source files
2019-12-29T14:25:09.826Z - info: Rebuilding 1 pages
2019-12-29T14:25:10.005Z - info: Pages rebuilt
2019-12-29T14:25:10.010Z - info: Site data built
2019-12-29T14:25:12.927Z - info: [10:25:12 PM] Reload for file change: C:\Users\seanl\Documents\GitHub\ay1920-s2\contents\textbook\textbookTopics.md
2019-12-29T14:25:13.929Z - info: Rebuilding affected source files
2019-12-29T14:25:13.930Z - info: Rebuilding 1 pages
2019-12-29T14:25:14.111Z - info: Pages rebuilt
2019-12-29T14:25:14.114Z - info: Site data built
2019-12-29T14:25:18.554Z - info: [10:25:18 PM] Reload for file change: C:\Users\seanl\Documents\GitHub\ay1920-s2\contents\textbook\textbookTopics.md
2019-12-29T14:25:19.556Z - info: Rebuilding affected source files
2019-12-29T14:25:19.556Z - info: Rebuilding 1 pages
2019-12-29T14:25:19.763Z - info: Pages rebuilt
2019-12-29T14:25:19.765Z - info: Site data built
2019-12-29T14:25:20.414Z - info: [10:25:20 PM] Reload for file change: C:\Users\seanl\Documents\GitHub\ay1920-s2\contents\textbook\textbookTopics.md
2019-12-29T14:25:21.419Z - info: Rebuilding affected source files
2019-12-29T14:25:21.420Z - info: Rebuilding 1 pages
2019-12-29T14:25:21.560Z - info: Pages rebuilt
2019-12-29T14:25:21.564Z - info: Site data built
2019-12-29T14:25:24.624Z - info: [10:25:24 PM] Reload for file change: C:\Users\seanl\Documents\GitHub\ay1920-s2\contents\textbook\textbookTopics.md
2019-12-29T14:25:25.627Z - info: Rebuilding affected source files
2019-12-29T14:25:25.628Z - info: Rebuilding 1 pages
2019-12-29T14:25:25.788Z - info: Pages rebuilt
2019-12-29T14:25:25.791Z - info: Site data built
2019-12-29T14:25:31.578Z - info: [10:25:31 PM] Reload for file change: C:\Users\seanl\Documents\GitHub\ay1920-s2\contents\textbook\textbookTopics.md
2019-12-29T14:25:32.581Z - info: Rebuilding affected source files
2019-12-29T14:25:32.582Z - info: Rebuilding 1 pages
2019-12-29T14:25:32.731Z - info: Pages rebuilt
2019-12-29T14:25:32.734Z - info: Site data built
2019-12-29T14:26:07.831Z - info: [10:26:07 PM] Reload for file change: C:\Users\seanl\Documents\GitHub\ay1920-s2\contents\textbook\textbookTopics.md
2019-12-29T14:26:08.834Z - info: Rebuilding affected source files
2019-12-29T14:26:08.836Z - info: Rebuilding 1 pages
2019-12-29T14:26:09.004Z - info: Pages rebuilt
2019-12-29T14:26:09.008Z - info: Site data built
2019-12-29T14:26:14.973Z - info: [10:26:14 PM] Reload for file change: C:\Users\seanl\Documents\GitHub\ay1920-s2\contents\textbook\textbookTopics.md
2019-12-29T14:26:15.976Z - info: Rebuilding affected source files
2019-12-29T14:26:15.977Z - info: Rebuilding 1 pages
2019-12-29T14:26:16.116Z - info: Pages rebuilt
2019-12-29T14:26:16.119Z - info: Site data built
2019-12-29T14:26:17.294Z - info: [10:26:17 PM] Reload for file change: C:\Users\seanl\Documents\GitHub\ay1920-s2\contents\textbook\textbookTopics.md
2019-12-29T14:26:18.298Z - info: Rebuilding affected source files
2019-12-29T14:26:18.299Z - info: Rebuilding 1 pages
2019-12-29T14:26:18.492Z - info: Pages rebuilt
2019-12-29T14:26:18.499Z - info: Site data built
2019-12-29T14:26:34.994Z - info: [10:26:34 PM] Reload for file change: C:\Users\seanl\Documents\GitHub\ay1920-s2\contents\textbook\textbookTopics.md
2019-12-29T14:26:35.998Z - info: Rebuilding affected source files
2019-12-29T14:26:35.999Z - info: Rebuilding 1 pages
2019-12-29T14:26:36.181Z - info: Pages rebuilt
2019-12-29T14:26:36.185Z - info: Site data built
2019-12-29T14:26:43.272Z - info: [10:26:43 PM] Reload for file change: C:\Users\seanl\Documents\GitHub\ay1920-s2\contents\textbook\textbookTopics.md
2019-12-29T14:26:44.276Z - info: Rebuilding affected source files
2019-12-29T14:26:44.278Z - info: Rebuilding 1 pages
2019-12-29T14:26:44.433Z - info: Pages rebuilt
2019-12-29T14:26:44.436Z - info: Site data built
2019-12-29T14:26:46.420Z - info: [10:26:46 PM] Reload for file change: C:\Users\seanl\Documents\GitHub\ay1920-s2\contents\textbook\textbookTopics.md
2019-12-29T14:26:47.422Z - info: Rebuilding affected source files
2019-12-29T14:26:47.422Z - info: Rebuilding 1 pages
2019-12-29T14:26:47.575Z - info: Pages rebuilt
2019-12-29T14:26:47.578Z - info: Site data built
2019-12-29T14:26:52.125Z - info: [10:26:52 PM] Reload for file change: C:\Users\seanl\Documents\GitHub\ay1920-s2\contents\textbook\textbookTopics.md
2019-12-29T14:26:53.128Z - info: Rebuilding affected source files
2019-12-29T14:26:53.129Z - info: Rebuilding 1 pages
2019-12-29T14:26:53.352Z - info: Pages rebuilt
2019-12-29T14:26:53.359Z - info: Site data built
2019-12-29T14:26:56.267Z - info: [10:26:56 PM] Reload for file change: C:\Users\seanl\Documents\GitHub\ay1920-s2\contents\textbook\textbookTopics.md
2019-12-29T14:26:57.270Z - info: Rebuilding affected source files
2019-12-29T14:26:57.271Z - info: Rebuilding 1 pages
2019-12-29T14:26:57.512Z - info: Pages rebuilt
2019-12-29T14:26:57.518Z - info: Site data built
2019-12-29T14:27:14.835Z - info: [10:27:14 PM] Reload for file change: C:\Users\seanl\Documents\GitHub\ay1920-s2\contents\textbook\textbookTopics.md
2019-12-29T14:27:15.837Z - info: Rebuilding affected source files
2019-12-29T14:27:15.838Z - info: Rebuilding 1 pages
2019-12-29T14:27:15.984Z - info: Pages rebuilt
2019-12-29T14:27:15.987Z - info: Site data built
2019-12-29T14:27:22.649Z - info: [10:27:22 PM] Reload for file change: C:\Users\seanl\Documents\GitHub\ay1920-s2\contents\textbook\textbookTopics.md
2019-12-29T14:27:23.652Z - info: Rebuilding affected source files
2019-12-29T14:27:23.653Z - info: Rebuilding 1 pages
2019-12-29T14:27:23.805Z - info: Pages rebuilt
2019-12-29T14:27:23.808Z - info: Site data built
2019-12-29T14:28:22.994Z - info: [10:28:22 PM] Reload for file change: C:\Users\seanl\Documents\GitHub\ay1920-s2\contents\textbook\textbook.md
2019-12-29T14:28:23.996Z - info: Rebuilding affected source files
2019-12-29T14:28:23.997Z - info: Rebuilding 1 pages
2019-12-29T14:28:24.235Z - info: Pages rebuilt
2019-12-29T14:28:24.238Z - info: Site data built
2019-12-29T14:28:55.295Z - info: [10:28:55 PM] Reload for file change: C:\Users\seanl\Documents\GitHub\ay1920-s2\contents\textbook\textbook.md
2019-12-29T14:28:56.298Z - info: Rebuilding affected source files
2019-12-29T14:28:56.299Z - info: Rebuilding 1 pages
2019-12-29T14:28:56.507Z - info: Pages rebuilt
2019-12-29T14:28:56.511Z - info: Site data built
2019-12-29T14:29:24.740Z - info: [10:29:24 PM] Reload for file change: C:\Users\seanl\Documents\GitHub\ay1920-s2\contents\textbook\textbook.md
2019-12-29T14:29:25.741Z - info: Rebuilding affected source files
2019-12-29T14:29:25.742Z - info: Rebuilding 1 pages
2019-12-29T14:29:25.915Z - info: Pages rebuilt
2019-12-29T14:29:25.919Z - info: Site data built
2019-12-29T14:29:30.947Z - info: [10:29:30 PM] Reload for file change: C:\Users\seanl\Documents\GitHub\ay1920-s2\contents\textbook\textbook.md
2019-12-29T14:29:31.949Z - info: Rebuilding affected source files
2019-12-29T14:29:31.950Z - info: Rebuilding 1 pages
2019-12-29T14:29:32.092Z - info: Pages rebuilt
2019-12-29T14:29:32.096Z - info: Site data built
2019-12-29T14:29:39.309Z - info: [10:29:39 PM] Reload for file change: C:\Users\seanl\Documents\GitHub\ay1920-s2\contents\textbook\textbook.md
2019-12-29T14:29:40.311Z - info: Rebuilding affected source files
2019-12-29T14:29:40.312Z - info: Rebuilding 1 pages
2019-12-29T14:29:40.482Z - info: Pages rebuilt
2019-12-29T14:29:40.485Z - info: Site data built
2019-12-29T14:29:50.831Z - info: [10:29:50 PM] Reload for file change: C:\Users\seanl\Documents\GitHub\ay1920-s2\contents\textbook\textbook.md
2019-12-29T14:29:51.835Z - info: Rebuilding affected source files
2019-12-29T14:29:51.836Z - info: Rebuilding 1 pages
2019-12-29T14:29:52.011Z - info: Pages rebuilt
2019-12-29T14:29:52.015Z - info: Site data built
2019-12-29T14:30:28.286Z - info: [10:30:28 PM] Reload for file change: C:\Users\seanl\Documents\GitHub\ay1920-s2\contents\textbook\textbook.md
2019-12-29T14:30:29.288Z - info: Rebuilding affected source files
2019-12-29T14:30:29.289Z - info: Rebuilding 1 pages
2019-12-29T14:30:29.441Z - info: Pages rebuilt
2019-12-29T14:30:29.444Z - info: Site data built
2019-12-29T14:30:47.199Z - info: [10:30:47 PM] Reload for file change: C:\Users\seanl\Documents\GitHub\ay1920-s2\contents\textbook\textbook.md
2019-12-29T14:30:48.202Z - info: Rebuilding affected source files
2019-12-29T14:30:48.203Z - info: Rebuilding 1 pages
2019-12-29T14:30:48.377Z - info: Pages rebuilt
2019-12-29T14:30:48.381Z - info: Site data built
2019-12-29T14:30:51.561Z - info: [10:30:51 PM] Reload for file change: C:\Users\seanl\Documents\GitHub\ay1920-s2\contents\textbook\textbook.md
2019-12-29T14:30:52.564Z - info: Rebuilding affected source files
2019-12-29T14:30:52.565Z - info: Rebuilding 1 pages
2019-12-29T14:30:52.753Z - info: Pages rebuilt
2019-12-29T14:30:52.757Z - info: Site data built
2019-12-29T14:30:59.962Z - info: [10:30:59 PM] Reload for file change: C:\Users\seanl\Documents\GitHub\ay1920-s2\contents\textbook\textbook.md
2019-12-29T14:31:00.966Z - info: Rebuilding affected source files
2019-12-29T14:31:00.967Z - info: Rebuilding 1 pages
2019-12-29T14:31:01.148Z - info: Pages rebuilt
2019-12-29T14:31:01.151Z - info: Site data built
2019-12-29T14:31:33.052Z - info: [10:31:33 PM] Reload for file change: C:\Users\seanl\Documents\GitHub\ay1920-s2\contents\textbook\textbook.md
2019-12-29T14:31:34.054Z - info: Rebuilding affected source files
2019-12-29T14:31:34.055Z - info: Rebuilding 1 pages
2019-12-29T14:31:34.235Z - info: Pages rebuilt
2019-12-29T14:31:34.239Z - info: Site data built
2019-12-29T14:31:39.424Z - info: [10:31:39 PM] Reload for file change: C:\Users\seanl\Documents\GitHub\ay1920-s2\contents\textbook\textbook.md
2019-12-29T14:31:40.426Z - info: Rebuilding affected source files
2019-12-29T14:31:40.427Z - info: Rebuilding 1 pages
2019-12-29T14:31:40.599Z - info: Pages rebuilt
2019-12-29T14:31:40.603Z - info: Site data built
2019-12-29T14:31:43.091Z - info: [10:31:43 PM] Reload for file change: C:\Users\seanl\Documents\GitHub\ay1920-s2\contents\textbook\textbook.md
2019-12-29T14:31:44.094Z - info: Rebuilding affected source files
2019-12-29T14:31:44.094Z - info: Rebuilding 1 pages
2019-12-29T14:31:44.253Z - info: Pages rebuilt
2019-12-29T14:31:44.257Z - info: Site data built
2019-12-29T14:31:47.863Z - info: [10:31:47 PM] Reload for file change: C:\Users\seanl\Documents\GitHub\ay1920-s2\contents\textbook\textbook.md
2019-12-29T14:31:48.866Z - info: Rebuilding affected source files
2019-12-29T14:31:48.867Z - info: Rebuilding 1 pages
2019-12-29T14:31:49.053Z - info: Pages rebuilt
2019-12-29T14:31:49.057Z - info: Site data built
