2019-12-31T00:16:41.187Z - info: Website generation started at 8:16:40 AM
2019-12-31T00:16:42.206Z - info: Building assets...
2019-12-31T00:16:42.630Z - info: Assets built
2019-12-31T00:16:42.631Z - info: Generating pages...
2019-12-31T00:16:46.664Z - info: Pages built
2019-12-31T00:16:47.483Z - info: Website generation complete! Total build time: 6.54s
2019-12-31T00:16:47.518Z - info: Serving "C:\Users\seanl\Documents\GitHub\ay1920-s2\_site" at http://127.0.0.1:8080
2019-12-31T00:16:47.519Z - info: Press CTRL+C to stop ...
2019-12-31T00:16:47.568Z - info: Site data built
2019-12-31T00:17:54.067Z - info: [8:17:54 AM] Reload for file change: C:\Users\seanl\Documents\GitHub\ay1920-s2\contents\peerlearning\peerlearningtask.md
2019-12-31T00:17:55.075Z - info: Rebuilding affected source files
2019-12-31T00:17:55.077Z - info: Rebuilding 1 pages
2019-12-31T00:17:55.334Z - info: Pages rebuilt
2019-12-31T00:17:55.339Z - info: Site data built
2019-12-31T00:19:02.098Z - info: [8:19:02 AM] Reload for file change: C:\Users\seanl\Documents\GitHub\ay1920-s2\contents\peerlearning\peerlearningtask.md
2019-12-31T00:19:03.102Z - info: Rebuilding affected source files
2019-12-31T00:19:03.104Z - info: Rebuilding 1 pages
2019-12-31T00:19:03.226Z - info: Pages rebuilt
2019-12-31T00:19:03.229Z - info: Site data built
2019-12-31T00:19:18.383Z - info: [8:19:18 AM] Reload for file change: C:\Users\seanl\Documents\GitHub\ay1920-s2\contents\peerlearning\peerlearningtask.md
2019-12-31T00:19:19.386Z - info: Rebuilding affected source files
2019-12-31T00:19:19.387Z - info: Rebuilding 1 pages
2019-12-31T00:19:19.477Z - info: Pages rebuilt
2019-12-31T00:19:19.481Z - info: Site data built
2019-12-31T00:20:24.133Z - info: [8:20:24 AM] Reload for file change: C:\Users\seanl\Documents\GitHub\ay1920-s2\contents\peerlearning\peerlearningtask.md
2019-12-31T00:20:25.136Z - info: Rebuilding affected source files
2019-12-31T00:20:25.138Z - info: Rebuilding 1 pages
2019-12-31T00:20:25.239Z - info: Pages rebuilt
2019-12-31T00:20:25.243Z - info: Site data built
2019-12-31T00:20:50.102Z - info: [8:20:50 AM] Reload for file change: C:\Users\seanl\Documents\GitHub\ay1920-s2\contents\peerlearning\piazza.md
2019-12-31T00:20:51.104Z - info: Rebuilding affected source files
2019-12-31T00:20:51.106Z - info: Rebuilding 1 pages
2019-12-31T00:20:51.140Z - info: Pages rebuilt
2019-12-31T00:20:51.143Z - info: Site data built
2019-12-31T00:21:20.825Z - info: [8:21:20 AM] Reload for file change: C:\Users\seanl\Documents\GitHub\ay1920-s2\contents\peerlearning\piazza.md
2019-12-31T00:21:21.827Z - info: Rebuilding affected source files
2019-12-31T00:21:21.828Z - info: Rebuilding 1 pages
2019-12-31T00:21:21.861Z - info: Pages rebuilt
2019-12-31T00:21:21.866Z - info: Site data built
2019-12-31T00:21:51.530Z - info: [8:21:51 AM] Reload for file change: C:\Users\seanl\Documents\GitHub\ay1920-s2\contents\peerlearning\piazza.md
2019-12-31T00:21:52.535Z - info: Rebuilding affected source files
2019-12-31T00:21:52.536Z - info: Rebuilding 1 pages
2019-12-31T00:21:52.586Z - info: Pages rebuilt
2019-12-31T00:21:52.591Z - info: Site data built
2019-12-31T00:22:30.582Z - info: [8:22:30 AM] Reload for file change: C:\Users\seanl\Documents\GitHub\ay1920-s2\contents\peerlearning\piazza.md
2019-12-31T00:22:31.585Z - info: Rebuilding affected source files
2019-12-31T00:22:31.586Z - info: Rebuilding 1 pages
2019-12-31T00:22:31.627Z - info: Pages rebuilt
2019-12-31T00:22:31.631Z - info: Site data built
2019-12-31T00:22:50.854Z - info: [8:22:50 AM] Reload for file change: C:\Users\seanl\Documents\GitHub\ay1920-s2\contents\peerlearning\piazza.md
2019-12-31T00:22:51.856Z - info: Rebuilding affected source files
2019-12-31T00:22:51.858Z - info: Rebuilding 1 pages
2019-12-31T00:22:51.896Z - info: Pages rebuilt
2019-12-31T00:22:51.899Z - info: Site data built
2019-12-31T00:23:38.549Z - info: [8:23:38 AM] Reload for file change: C:\Users\seanl\Documents\GitHub\ay1920-s2\contents\peerlearning\peerlearning.md
2019-12-31T00:23:39.552Z - info: Rebuilding affected source files
2019-12-31T00:23:39.552Z - info: Rebuilding 1 pages
2019-12-31T00:23:39.593Z - info: Pages rebuilt
2019-12-31T00:23:39.598Z - info: Site data built
2019-12-31T00:24:48.838Z - info: [8:24:48 AM] Reload for file change: C:\Users\seanl\Documents\GitHub\ay1920-s2\contents\peerlearning\textbook.md
2019-12-31T00:24:49.841Z - info: Rebuilding affected source files
2019-12-31T00:24:49.843Z - info: Rebuilding 1 pages
2019-12-31T00:24:49.919Z - info: Pages rebuilt
2019-12-31T00:24:49.923Z - info: Site data built
2019-12-31T00:25:46.940Z - info: [8:25:46 AM] Reload for file change: C:\Users\seanl\Documents\GitHub\ay1920-s2\contents\peerlearning\textbook.md
2019-12-31T00:25:47.942Z - info: Rebuilding affected source files
2019-12-31T00:25:47.944Z - info: Rebuilding 1 pages
2019-12-31T00:25:48.011Z - info: Pages rebuilt
2019-12-31T00:25:48.014Z - info: Site data built
2019-12-31T00:26:02.032Z - info: [8:26:02 AM] Reload for file change: C:\Users\seanl\Documents\GitHub\ay1920-s2\contents\peerlearning\textbook.md
2019-12-31T00:26:03.033Z - info: Rebuilding affected source files
2019-12-31T00:26:03.034Z - info: Rebuilding 1 pages
2019-12-31T00:26:03.106Z - info: Pages rebuilt
2019-12-31T00:26:03.110Z - info: Site data built
2019-12-31T00:26:34.794Z - info: [8:26:34 AM] Reload for file change: C:\Users\seanl\Documents\GitHub\ay1920-s2\contents\peerlearning\textbook.md
2019-12-31T00:26:35.795Z - info: Rebuilding affected source files
2019-12-31T00:26:35.796Z - info: Rebuilding 1 pages
2019-12-31T00:26:35.886Z - info: Pages rebuilt
2019-12-31T00:26:35.889Z - info: Site data built
2019-12-31T00:26:54.811Z - info: [8:26:54 AM] Reload for file change: C:\Users\seanl\Documents\GitHub\ay1920-s2\contents\peerlearning\textbook.md
2019-12-31T00:26:55.818Z - info: Rebuilding affected source files
2019-12-31T00:26:55.819Z - info: Rebuilding 1 pages
2019-12-31T00:26:55.897Z - info: Pages rebuilt
2019-12-31T00:26:55.900Z - info: Site data built
2019-12-31T00:27:17.249Z - info: [8:27:17 AM] Reload for file change: C:\Users\seanl\Documents\GitHub\ay1920-s2\contents\peerlearning\textbook.md
2019-12-31T00:27:18.255Z - info: Rebuilding affected source files
2019-12-31T00:27:18.256Z - info: Rebuilding 1 pages
2019-12-31T00:27:18.328Z - info: Pages rebuilt
2019-12-31T00:27:18.332Z - info: Site data built
2019-12-31T00:27:20.142Z - info: [8:27:20 AM] Reload for file change: C:\Users\seanl\Documents\GitHub\ay1920-s2\contents\peerlearning\textbook.md
2019-12-31T00:27:21.146Z - info: Rebuilding affected source files
2019-12-31T00:27:21.147Z - info: Rebuilding 1 pages
2019-12-31T00:27:21.211Z - info: Pages rebuilt
2019-12-31T00:27:21.214Z - info: Site data built
2019-12-31T00:28:01.543Z - info: [8:28:01 AM] Reload for file change: C:\Users\seanl\Documents\GitHub\ay1920-s2\contents\peerlearning\textbook.md
2019-12-31T00:28:02.543Z - info: Rebuilding affected source files
2019-12-31T00:28:02.545Z - info: Rebuilding 1 pages
2019-12-31T00:28:02.623Z - info: Pages rebuilt
2019-12-31T00:28:02.627Z - info: Site data built
2019-12-31T00:28:05.928Z - info: [8:28:05 AM] Reload for file change: C:\Users\seanl\Documents\GitHub\ay1920-s2\contents\peerlearning\textbook.md
2019-12-31T00:28:06.931Z - info: Rebuilding affected source files
2019-12-31T00:28:06.933Z - info: Rebuilding 1 pages
2019-12-31T00:28:06.992Z - info: Pages rebuilt
2019-12-31T00:28:06.996Z - info: Site data built
2019-12-31T00:28:09.219Z - info: [8:28:09 AM] Reload for file change: C:\Users\seanl\Documents\GitHub\ay1920-s2\contents\peerlearning\textbook.md
2019-12-31T00:28:10.221Z - info: Rebuilding affected source files
2019-12-31T00:28:10.222Z - info: Rebuilding 1 pages
2019-12-31T00:28:10.301Z - info: Pages rebuilt
2019-12-31T00:28:10.305Z - info: Site data built
2019-12-31T00:31:29.975Z - info: [8:31:29 AM] Reload for file change: C:\Users\seanl\Documents\GitHub\ay1920-s2\contents\textbook\textbook.md
2019-12-31T00:31:30.977Z - info: Rebuilding affected source files
2019-12-31T00:31:30.978Z - info: Rebuilding 1 pages
2019-12-31T00:31:31.009Z - info: Pages rebuilt
2019-12-31T00:31:31.013Z - info: Site data built
2019-12-31T00:31:46.097Z - info: [8:31:46 AM] Reload for file change: C:\Users\seanl\Documents\GitHub\ay1920-s2\contents\textbook\textbook.md
2019-12-31T00:31:47.100Z - info: Rebuilding affected source files
2019-12-31T00:31:47.101Z - info: Rebuilding 1 pages
2019-12-31T00:31:47.135Z - info: Pages rebuilt
2019-12-31T00:31:47.139Z - info: Site data built
2019-12-31T00:32:10.476Z - info: [8:32:10 AM] Reload for file change: C:\Users\seanl\Documents\GitHub\ay1920-s2\contents\peerlearning\peerlearningtask.md
2019-12-31T00:32:11.479Z - info: Rebuilding affected source files
2019-12-31T00:32:11.480Z - info: Rebuilding 1 pages
2019-12-31T00:32:11.597Z - info: Pages rebuilt
2019-12-31T00:32:11.604Z - info: Site data built
2019-12-31T00:33:10.658Z - info: [8:33:10 AM] Reload for file change: C:\Users\seanl\Documents\GitHub\ay1920-s2\contents\peerlearning\peerlearningtask.md
2019-12-31T00:33:11.662Z - info: Rebuilding affected source files
2019-12-31T00:33:11.663Z - info: Rebuilding 1 pages
2019-12-31T00:33:11.742Z - info: Pages rebuilt
2019-12-31T00:33:11.746Z - info: Site data built
2019-12-31T00:33:17.756Z - info: [8:33:17 AM] Reload for file change: C:\Users\seanl\Documents\GitHub\ay1920-s2\contents\peerlearning\peerlearningtask.md
2019-12-31T00:33:18.758Z - info: Rebuilding affected source files
2019-12-31T00:33:18.759Z - info: Rebuilding 1 pages
2019-12-31T00:33:18.848Z - info: Pages rebuilt
2019-12-31T00:33:18.851Z - info: Site data built
2019-12-31T00:33:32.115Z - info: [8:33:32 AM] Reload for file change: C:\Users\seanl\Documents\GitHub\ay1920-s2\contents\peerlearning\peerlearningtask.md
2019-12-31T00:33:33.118Z - info: Rebuilding affected source files
2019-12-31T00:33:33.119Z - info: Rebuilding 1 pages
2019-12-31T00:33:33.206Z - info: Pages rebuilt
2019-12-31T00:33:33.209Z - info: Site data built
2019-12-31T00:33:35.241Z - info: [8:33:35 AM] Reload for file change: C:\Users\seanl\Documents\GitHub\ay1920-s2\contents\peerlearning\peerlearningtask.md
2019-12-31T00:33:36.244Z - info: Rebuilding affected source files
2019-12-31T00:33:36.245Z - info: Rebuilding 1 pages
2019-12-31T00:33:36.323Z - info: Pages rebuilt
2019-12-31T00:33:36.327Z - info: Site data built
2019-12-31T00:34:24.522Z - info: [8:34:24 AM] Reload for file change: C:\Users\seanl\Documents\GitHub\ay1920-s2\contents\peerlearning\peerlearningtask.md
2019-12-31T00:34:25.524Z - info: Rebuilding affected source files
2019-12-31T00:34:25.525Z - info: Rebuilding 1 pages
2019-12-31T00:34:25.608Z - info: Pages rebuilt
2019-12-31T00:34:25.612Z - info: Site data built
2019-12-31T00:40:42.261Z - info: [8:40:42 AM] Reload for file change: C:\Users\seanl\Documents\GitHub\ay1920-s2\contents\peerlearning\images\Click.png
2019-12-31T00:40:43.387Z - info: Assets built
2019-12-31T00:40:54.894Z - info: [8:40:54 AM] Reload for file change: C:\Users\seanl\Documents\GitHub\ay1920-s2\contents\peerlearning\images\Click.png
2019-12-31T00:40:55.907Z - info: Assets built
2019-12-31T00:41:04.373Z - info: [8:41:04 AM] Reload for file change: C:\Users\seanl\Documents\GitHub\ay1920-s2\contents\peerlearning\images\Click.png
2019-12-31T00:41:05.382Z - info: Assets built
2019-12-31T00:43:56.800Z - info: [8:43:56 AM] Reload for file change: C:\Users\seanl\Documents\GitHub\ay1920-s2\contents\peerlearning\peerlearningtask.md
2019-12-31T00:43:57.802Z - info: Rebuilding affected source files
2019-12-31T00:43:57.803Z - info: Rebuilding 1 pages
2019-12-31T00:43:57.905Z - info: Pages rebuilt
2019-12-31T00:43:57.909Z - info: Site data built
2019-12-31T00:45:03.130Z - info: [8:45:03 AM] Reload for file change: C:\Users\seanl\Documents\GitHub\ay1920-s2\contents\peerlearning\peerlearningtask.md
2019-12-31T00:45:04.133Z - info: Rebuilding affected source files
2019-12-31T00:45:04.136Z - info: Rebuilding 1 pages
2019-12-31T00:45:04.379Z - info: Pages rebuilt
2019-12-31T00:45:04.382Z - info: Site data built
2019-12-31T00:45:51.600Z - info: [8:45:51 AM] Reload for file change: C:\Users\seanl\Documents\GitHub\ay1920-s2\contents\peerlearning\peerlearningtask.md
2019-12-31T00:45:52.603Z - info: Rebuilding affected source files
2019-12-31T00:45:52.603Z - info: Rebuilding 1 pages
2019-12-31T00:45:52.712Z - info: Pages rebuilt
2019-12-31T00:45:52.715Z - info: Site data built
2019-12-31T00:47:44.144Z - info: [8:47:44 AM] Reload for file change: C:\Users\seanl\Documents\GitHub\ay1920-s2\contents\peerlearning\peerlearningtask.md
2019-12-31T00:47:45.146Z - info: Rebuilding affected source files
2019-12-31T00:47:45.148Z - info: Rebuilding 1 pages
2019-12-31T00:47:45.251Z - info: Pages rebuilt
2019-12-31T00:47:45.256Z - info: Site data built
2019-12-31T00:47:52.279Z - info: [8:47:52 AM] Reload for file change: C:\Users\seanl\Documents\GitHub\ay1920-s2\contents\peerlearning\peerlearningtask.md
2019-12-31T00:47:53.283Z - info: Rebuilding affected source files
2019-12-31T00:47:53.284Z - info: Rebuilding 1 pages
2019-12-31T00:47:53.384Z - info: Pages rebuilt
2019-12-31T00:47:53.388Z - info: Site data built
2019-12-31T01:04:54.643Z - info: [9:04:54 AM] Reload for file change: C:\Users\seanl\Documents\GitHub\ay1920-s2\contents\peerlearning\peerlearningtask.md
2019-12-31T01:04:55.647Z - info: Rebuilding affected source files
2019-12-31T01:04:55.647Z - info: Rebuilding 1 pages
2019-12-31T01:04:55.773Z - info: Pages rebuilt
2019-12-31T01:04:55.777Z - info: Site data built
2019-12-31T01:10:29.385Z - info: [9:10:29 AM] Reload for file change: C:\Users\seanl\Documents\GitHub\ay1920-s2\contents\peerlearning\peerlearningtask.md
2019-12-31T01:10:30.388Z - info: Rebuilding affected source files
2019-12-31T01:10:30.389Z - info: Rebuilding 1 pages
2019-12-31T01:10:30.476Z - info: Pages rebuilt
2019-12-31T01:10:30.481Z - info: Site data built
2019-12-31T01:13:49.333Z - info: [9:13:49 AM] Reload for file change: C:\Users\seanl\Documents\GitHub\ay1920-s2\contents\peerlearning\peerlearningtask.md
2019-12-31T01:13:50.335Z - info: Rebuilding affected source files
2019-12-31T01:13:50.336Z - info: Rebuilding 1 pages
2019-12-31T01:13:50.437Z - info: Pages rebuilt
2019-12-31T01:13:50.441Z - info: Site data built
2019-12-31T01:18:51.333Z - info: [9:18:51 AM] Reload for file change: C:\Users\seanl\Documents\GitHub\ay1920-s2\contents\peerlearning\peerlearningtask.md
2019-12-31T01:18:52.336Z - info: Rebuilding affected source files
2019-12-31T01:18:52.338Z - info: Rebuilding 1 pages
2019-12-31T01:18:52.443Z - info: Pages rebuilt
2019-12-31T01:18:52.447Z - info: Site data built
2019-12-31T01:18:54.816Z - info: [9:18:54 AM] Reload for file change: C:\Users\seanl\Documents\GitHub\ay1920-s2\contents\peerlearning\peerlearningtask.md
2019-12-31T01:18:55.819Z - info: Rebuilding affected source files
2019-12-31T01:18:55.820Z - info: Rebuilding 1 pages
2019-12-31T01:18:55.912Z - info: Pages rebuilt
2019-12-31T01:18:55.916Z - info: Site data built
2019-12-31T01:19:24.308Z - info: [9:19:24 AM] Reload for file change: C:\Users\seanl\Documents\GitHub\ay1920-s2\contents\peerlearning\peerlearningtask.md
2019-12-31T01:19:25.310Z - info: Rebuilding affected source files
2019-12-31T01:19:25.311Z - info: Rebuilding 1 pages
2019-12-31T01:19:25.425Z - info: Pages rebuilt
2019-12-31T01:19:25.428Z - info: Site data built
2019-12-31T01:20:15.759Z - info: [9:20:15 AM] Reload for file change: C:\Users\seanl\Documents\GitHub\ay1920-s2\contents\peerlearning\peerlearningtask.md
2019-12-31T01:20:16.761Z - info: Rebuilding affected source files
2019-12-31T01:20:16.762Z - info: Rebuilding 1 pages
2019-12-31T01:20:16.861Z - info: Pages rebuilt
2019-12-31T01:20:16.864Z - info: Site data built
2019-12-31T01:20:49.053Z - info: [9:20:49 AM] Reload for file change: C:\Users\seanl\Documents\GitHub\ay1920-s2\contents\peerlearning\piazza.md
2019-12-31T01:20:50.057Z - info: Rebuilding affected source files
2019-12-31T01:20:50.058Z - info: Rebuilding 1 pages
2019-12-31T01:20:50.128Z - info: Pages rebuilt
2019-12-31T01:20:50.138Z - info: Site data built
2019-12-31T01:20:52.765Z - info: [9:20:52 AM] Reload for file change: C:\Users\seanl\Documents\GitHub\ay1920-s2\contents\peerlearning\piazza.md
2019-12-31T01:20:53.770Z - info: Rebuilding affected source files
2019-12-31T01:20:53.774Z - info: Rebuilding 1 pages
2019-12-31T01:20:53.848Z - info: Pages rebuilt
2019-12-31T01:20:53.937Z - info: Site data built
2019-12-31T01:21:23.463Z - info: [9:21:23 AM] Reload for file change: C:\Users\seanl\Documents\GitHub\ay1920-s2\contents\peerlearning\piazza.md
2019-12-31T01:21:24.466Z - info: Rebuilding affected source files
2019-12-31T01:21:24.467Z - info: Rebuilding 1 pages
2019-12-31T01:21:24.498Z - info: Pages rebuilt
2019-12-31T01:21:24.502Z - info: Site data built
2019-12-31T01:21:48.172Z - info: [9:21:48 AM] Reload for file change: C:\Users\seanl\Documents\GitHub\ay1920-s2\contents\peerlearning\piazza.md
2019-12-31T01:21:49.175Z - info: Rebuilding affected source files
2019-12-31T01:21:49.176Z - info: Rebuilding 1 pages
2019-12-31T01:21:49.208Z - info: Pages rebuilt
2019-12-31T01:21:49.212Z - info: Site data built
2019-12-31T01:33:04.391Z - info: Website generation started at 9:33:04 AM
2019-12-31T01:33:05.803Z - info: Building assets...
2019-12-31T01:33:06.239Z - info: Assets built
2019-12-31T01:33:06.239Z - info: Generating pages...
2019-12-31T01:33:10.328Z - info: Pages built
2019-12-31T01:33:11.319Z - info: Website generation complete! Total build time: 7.119s
2019-12-31T01:33:11.396Z - info: Serving "C:\Users\seanl\Documents\GitHub\ay1920-s2\_site" at http://127.0.0.1:8080
2019-12-31T01:33:11.398Z - info: Press CTRL+C to stop ...
2019-12-31T01:33:11.471Z - info: Site data built
2019-12-31T01:33:36.219Z - info: [9:33:36 AM] Reload for file change: C:\Users\seanl\Documents\GitHub\ay1920-s2\site.json
2019-12-31T01:33:37.224Z - info: Assets built
2019-12-31T01:33:54.251Z - info: Website generation started at 9:33:54 AM
2019-12-31T01:33:54.860Z - info: Building assets...
2019-12-31T01:33:55.297Z - info: Assets built
2019-12-31T01:33:55.298Z - info: Generating pages...
2019-12-31T01:33:59.193Z - info: Pages built
2019-12-31T01:33:59.779Z - info: Website generation complete! Total build time: 5.708s
2019-12-31T01:33:59.802Z - info: Serving "C:\Users\seanl\Documents\GitHub\ay1920-s2\_site" at http://127.0.0.1:8080
2019-12-31T01:33:59.802Z - info: Press CTRL+C to stop ...
2019-12-31T01:33:59.832Z - info: Site data built
